Using pre-set license
Built from '2020.3/staging' branch; Version is '2020.3.10f1 (297d780c91bc) revision 2719096'; Using compiler version '192528614'; Build Type 'Release'
OS: 'Windows 10 Pro; OS build 19042.985; Version 2009; 64bit' Language: 'ko' Physical Memory: 8146 MB
BatchMode: 1, IsHumanControllingUs: 0, StartBugReporterOnCrash: 0, Is64bit: 1, IsPro: 0

 COMMAND LINE ARGUMENTS:
C:\Program Files\Unity\Hub\Editor\2020.3.10f1\Editor\Unity.exe
-adb2
-batchMode
-noUpm
-name
AssetImportWorker0
-projectPath
C:/Users/admin/Documents/GitHub/Y_Unity/New_Stack_Box
-logFile
Logs/AssetImportWorker0.log
-srvPort
63512
Successfully changed project path to: C:/Users/admin/Documents/GitHub/Y_Unity/New_Stack_Box
C:/Users/admin/Documents/GitHub/Y_Unity/New_Stack_Box
Using Asset Import Pipeline V2.
Refreshing native plugins compatible for Editor in 30.55 ms, found 2 plugins.
Preloading 0 native plugins for Editor in 0.00 ms.
Initialize engine version: 2020.3.10f1 (297d780c91bc)
[Subsystems] Discovering subsystems at path C:/Program Files/Unity/Hub/Editor/2020.3.10f1/Editor/Data/Resources/UnitySubsystems
[Subsystems] Discovering subsystems at path C:/Users/admin/Documents/GitHub/Y_Unity/New_Stack_Box/Assets
GfxDevice: creating device client; threaded=0
Direct3D:
    Version:  Direct3D 11.0 [level 11.1]
    Renderer: NVIDIA GeForce GTX 1050 Ti (ID=0x1c82)
    Vendor:   
    VRAM:     4018 MB
    Driver:   27.21.14.5671
Initialize mono
Mono path[0] = 'C:/Program Files/Unity/Hub/Editor/2020.3.10f1/Editor/Data/Managed'
Mono path[1] = 'C:/Program Files/Unity/Hub/Editor/2020.3.10f1/Editor/Data/MonoBleedingEdge/lib/mono/unityjit'
Mono config path = 'C:/Program Files/Unity/Hub/Editor/2020.3.10f1/Editor/Data/MonoBleedingEdge/etc'
Using monoOptions --debugger-agent=transport=dt_socket,embedding=1,server=y,suspend=n,address=127.0.0.1:56872
Begin MonoManager ReloadAssembly
Registering precompiled unity dll's ...
Register platform support module: C:/Program Files/Unity/Hub/Editor/2020.3.10f1/Editor/Data/PlaybackEngines/WindowsStandaloneSupport/UnityEditor.WindowsStandalone.Extensions.dll
Registered in 0.002113 seconds.
Native extension for WindowsStandalone target not found
Refreshing native plugins compatible for Editor in 30.30 ms, found 2 plugins.
Preloading 0 native plugins for Editor in 0.00 ms.
Mono: successfully reloaded assembly
- Completed reload, in  1.395 seconds
Platform modules already initialized, skipping
Registering precompiled user dll's ...
Registered in 0.005213 seconds.
Begin MonoManager ReloadAssembly
Native extension for WindowsStandalone target not found
Refreshing native plugins compatible for Editor in 0.40 ms, found 2 plugins.
Preloading 0 native plugins for Editor in 0.00 ms.
Mono: successfully reloaded assembly
- Completed reload, in  1.421 seconds
Platform modules already initialized, skipping
========================================================================
Worker process is ready to serve import requests
Launched and connected shader compiler UnityShaderCompiler.exe after 0.21 seconds
Refreshing native plugins compatible for Editor in 0.44 ms, found 2 plugins.
Preloading 0 native plugins for Editor in 0.00 ms.
Unloading 1394 Unused Serialized files (Serialized files now loaded: 0)
System memory in use before: 72.5 MB.
System memory in use after: 71.5 MB.

Unloading 23 unused Assets to reduce memory usage. Loaded Objects now: 1830.
Total: 3.262800 ms (FindLiveObjects: 0.633300 ms CreateObjectMapping: 0.147500 ms MarkObjects: 1.873600 ms  DeleteObjects: 0.607200 ms)

========================================================================
Received Import Request.
  path: Assets/Script/BoxCreate.cs
  artifactKey: Guid(cb7161c28d32dde429f77ca72784b06e) Importer(815301076,1909f56bfc062723c751e8b465ee728b)
Start importing Assets/Script/BoxCreate.cs using Guid(cb7161c28d32dde429f77ca72784b06e) Importer(815301076,1909f56bfc062723c751e8b465ee728b)  -> (artifact id: '1b14abc4d8024fdc869672e6c32f63aa') in 0.061113 seconds
  Import took 0.065083 seconds .

========================================================================
Received Prepare
Registering precompiled user dll's ...
Registered in 0.004018 seconds.
Begin MonoManager ReloadAssembly
Native extension for WindowsStandalone target not found
Refreshing native plugins compatible for Editor in 0.32 ms, found 2 plugins.
Preloading 0 native plugins for Editor in 0.00 ms.
Mono: successfully reloaded assembly
- Completed reload, in  0.984 seconds
Platform modules already initialized, skipping
Refreshing native plugins compatible for Editor in 0.32 ms, found 2 plugins.
Preloading 0 native plugins for Editor in 0.00 ms.
Unloading 1387 Unused Serialized files (Serialized files now loaded: 0)
System memory in use before: 72.3 MB.
System memory in use after: 71.3 MB.

Unloading 18 unused Assets to reduce memory usage. Loaded Objects now: 1833.
Total: 2.273100 ms (FindLiveObjects: 0.136200 ms CreateObjectMapping: 0.036400 ms MarkObjects: 1.714500 ms  DeleteObjects: 0.385300 ms)

========================================================================
Received Import Request.
  Time since last request: 340.392747 seconds.
  path: Assets/Script/GameManager.cs
  artifactKey: Guid(7385ca8583462e241a611c680f8b202d) Importer(815301076,1909f56bfc062723c751e8b465ee728b)
Start importing Assets/Script/GameManager.cs using Guid(7385ca8583462e241a611c680f8b202d) Importer(815301076,1909f56bfc062723c751e8b465ee728b)  -> (artifact id: 'fb7317bb12282068a9d927a1d22ed5a5') in 0.024504 seconds
  Import took 0.030440 seconds .

========================================================================
Received Prepare
Registering precompiled user dll's ...
Registered in 0.003859 seconds.
Begin MonoManager ReloadAssembly
Native extension for WindowsStandalone target not found
Refreshing native plugins compatible for Editor in 0.40 ms, found 2 plugins.
Preloading 0 native plugins for Editor in 0.00 ms.
Mono: successfully reloaded assembly
- Completed reload, in  1.109 seconds
Platform modules already initialized, skipping
Refreshing native plugins compatible for Editor in 0.30 ms, found 2 plugins.
Preloading 0 native plugins for Editor in 0.00 ms.
Unloading 1388 Unused Serialized files (Serialized files now loaded: 0)
System memory in use before: 72.4 MB.
System memory in use after: 71.4 MB.

Unloading 18 unused Assets to reduce memory usage. Loaded Objects now: 1837.
Total: 2.650200 ms (FindLiveObjects: 0.153200 ms CreateObjectMapping: 0.046500 ms MarkObjects: 2.049500 ms  DeleteObjects: 0.399700 ms)

========================================================================
Received Import Request.
  Time since last request: 1685.853367 seconds.
  path: Assets/Script/GameManager.cs
  artifactKey: Guid(7385ca8583462e241a611c680f8b202d) Importer(815301076,1909f56bfc062723c751e8b465ee728b)
Start importing Assets/Script/GameManager.cs using Guid(7385ca8583462e241a611c680f8b202d) Importer(815301076,1909f56bfc062723c751e8b465ee728b)  -> (artifact id: '28056ebd1809bd628dc8476acab4dc80') in 0.018379 seconds
  Import took 0.025347 seconds .

========================================================================
Received Import Request.
  Time since last request: 0.001020 seconds.
  path: Assets/Script/GameManager.cs
  artifactKey: Guid(7385ca8583462e241a611c680f8b202d) Importer(815301076,1909f56bfc062723c751e8b465ee728b)
Start importing Assets/Script/GameManager.cs using Guid(7385ca8583462e241a611c680f8b202d) Importer(815301076,1909f56bfc062723c751e8b465ee728b)  -> (artifact id: '28056ebd1809bd628dc8476acab4dc80') in 0.008662 seconds
  Import took 0.011195 seconds .

========================================================================
Received Import Request.
  Time since last request: 13843.380428 seconds.
  path: Assets/Script/GameManager.cs
  artifactKey: Guid(7385ca8583462e241a611c680f8b202d) Importer(815301076,1909f56bfc062723c751e8b465ee728b)
Start importing Assets/Script/GameManager.cs using Guid(7385ca8583462e241a611c680f8b202d) Importer(815301076,1909f56bfc062723c751e8b465ee728b)  -> (artifact id: '79f59d1f4798c44e286822b6e4f41ab3') in 0.018721 seconds
  Import took 0.054862 seconds .

========================================================================
Received Import Request.
  Time since last request: 0.030155 seconds.
  path: Assets/Script/GameManager.cs
  artifactKey: Guid(7385ca8583462e241a611c680f8b202d) Importer(815301076,1909f56bfc062723c751e8b465ee728b)
Start importing Assets/Script/GameManager.cs using Guid(7385ca8583462e241a611c680f8b202d) Importer(815301076,1909f56bfc062723c751e8b465ee728b)  -> (artifact id: '79f59d1f4798c44e286822b6e4f41ab3') in 0.012648 seconds
  Import took 0.015058 seconds .

========================================================================
Received Prepare
Registering precompiled user dll's ...
Registered in 0.010478 seconds.
Begin MonoManager ReloadAssembly
Native extension for WindowsStandalone target not found
Refreshing native plugins compatible for Editor in 0.33 ms, found 2 plugins.
Preloading 0 native plugins for Editor in 0.00 ms.
Mono: successfully reloaded assembly
- Completed reload, in  1.183 seconds
Platform modules already initialized, skipping
Refreshing native plugins compatible for Editor in 0.35 ms, found 2 plugins.
Preloading 0 native plugins for Editor in 0.00 ms.
Unloading 1388 Unused Serialized files (Serialized files now loaded: 0)
System memory in use before: 72.4 MB.
System memory in use after: 71.4 MB.

Unloading 18 unused Assets to reduce memory usage. Loaded Objects now: 1840.
Total: 2.184900 ms (FindLiveObjects: 0.144800 ms CreateObjectMapping: 0.042100 ms MarkObjects: 1.575200 ms  DeleteObjects: 0.422100 ms)

========================================================================
Received Prepare
Registering precompiled user dll's ...
Registered in 0.013346 seconds.
Begin MonoManager ReloadAssembly
Native extension for WindowsStandalone target not found
Refreshing native plugins compatible for Editor in 0.35 ms, found 2 plugins.
Preloading 0 native plugins for Editor in 0.00 ms.
Mono: successfully reloaded assembly
- Completed reload, in  0.997 seconds
Platform modules already initialized, skipping
Refreshing native plugins compatible for Editor in 0.38 ms, found 2 plugins.
Preloading 0 native plugins for Editor in 0.00 ms.
Unloading 1388 Unused Serialized files (Serialized files now loaded: 0)
System memory in use before: 72.4 MB.
System memory in use after: 71.4 MB.

Unloading 18 unused Assets to reduce memory usage. Loaded Objects now: 1843.
Total: 2.030600 ms (FindLiveObjects: 0.141300 ms CreateObjectMapping: 0.045400 ms MarkObjects: 1.445300 ms  DeleteObjects: 0.397500 ms)

========================================================================
Received Prepare
Registering precompiled user dll's ...
Registered in 0.004357 seconds.
Begin MonoManager ReloadAssembly
Native extension for WindowsStandalone target not found
Refreshing native plugins compatible for Editor in 0.31 ms, found 2 plugins.
Preloading 0 native plugins for Editor in 0.00 ms.
Mono: successfully reloaded assembly
- Completed reload, in  1.001 seconds
Platform modules already initialized, skipping
Refreshing native plugins compatible for Editor in 0.33 ms, found 2 plugins.
Preloading 0 native plugins for Editor in 0.00 ms.
Unloading 1388 Unused Serialized files (Serialized files now loaded: 0)
System memory in use before: 72.4 MB.
System memory in use after: 71.4 MB.

Unloading 18 unused Assets to reduce memory usage. Loaded Objects now: 1846.
Total: 2.455100 ms (FindLiveObjects: 0.148300 ms CreateObjectMapping: 0.051300 ms MarkObjects: 1.720800 ms  DeleteObjects: 0.533200 ms)

========================================================================
Received Import Request.
  Time since last request: 144.156568 seconds.
  path: Assets/Script/BoxCreate.cs
  artifactKey: Guid(cb7161c28d32dde429f77ca72784b06e) Importer(815301076,1909f56bfc062723c751e8b465ee728b)
Start importing Assets/Script/BoxCreate.cs using Guid(cb7161c28d32dde429f77ca72784b06e) Importer(815301076,1909f56bfc062723c751e8b465ee728b)  -> (artifact id: 'f119f134a3c466ba0311546c4fc9b88e') in 0.013731 seconds
  Import took 0.016354 seconds .

========================================================================
Received Import Request.
  Time since last request: 0.028776 seconds.
  path: Assets/Script/BoxCreate.cs
  artifactKey: Guid(cb7161c28d32dde429f77ca72784b06e) Importer(815301076,1909f56bfc062723c751e8b465ee728b)
Start importing Assets/Script/BoxCreate.cs using Guid(cb7161c28d32dde429f77ca72784b06e) Importer(815301076,1909f56bfc062723c751e8b465ee728b)  -> (artifact id: 'f119f134a3c466ba0311546c4fc9b88e') in 0.009861 seconds
  Import took 0.012527 seconds .

========================================================================
Received Import Request.
  Time since last request: 26.034802 seconds.
  path: Assets/Meterials/RRFreelance/WarehouseStuff/CollisionMeshes
  artifactKey: Guid(20dfa9d840d963043be4b1b44d0d9739) Importer(815301076,1909f56bfc062723c751e8b465ee728b)
Start importing Assets/Meterials/RRFreelance/WarehouseStuff/CollisionMeshes using Guid(20dfa9d840d963043be4b1b44d0d9739) Importer(815301076,1909f56bfc062723c751e8b465ee728b)  -> (artifact id: 'fab204e03b76028c4e59b5ce6c30a7fa') in 0.015080 seconds
  Import took 0.017233 seconds .

========================================================================
Received Import Request.
  Time since last request: 0.981137 seconds.
  path: Assets/Meterials/RRFreelance/WarehouseStuff/CollisionMeshes/COL_StairwellLHS.fbx
  artifactKey: Guid(d98ea9d4526b54a4dacd16bc4e25d6d1) Importer(815301076,1909f56bfc062723c751e8b465ee728b)
Start importing Assets/Meterials/RRFreelance/WarehouseStuff/CollisionMeshes/COL_StairwellLHS.fbx using Guid(d98ea9d4526b54a4dacd16bc4e25d6d1) Importer(815301076,1909f56bfc062723c751e8b465ee728b)  -> (artifact id: '14c62088c4c29adbcb4871bb4f27e5be') in 0.229794 seconds
  Import took 0.232519 seconds .

========================================================================
Received Import Request.
  Time since last request: 1.293386 seconds.
  path: Assets/Meterials/RRFreelance/WarehouseStuff/CollisionMeshes/COL_StairwellRHS.fbx
  artifactKey: Guid(5e91032a38de58f46bf6d73594f1a477) Importer(815301076,1909f56bfc062723c751e8b465ee728b)
Start importing Assets/Meterials/RRFreelance/WarehouseStuff/CollisionMeshes/COL_StairwellRHS.fbx using Guid(5e91032a38de58f46bf6d73594f1a477) Importer(815301076,1909f56bfc062723c751e8b465ee728b)  -> (artifact id: '03c9c0ccac20fcbe5d744ff6c6d6ff6d') in 0.024997 seconds
  Import took 0.027281 seconds .

========================================================================
Received Prepare
Registering precompiled user dll's ...
Registered in 0.004246 seconds.
Begin MonoManager ReloadAssembly
Native extension for WindowsStandalone target not found
Refreshing native plugins compatible for Editor in 0.30 ms, found 2 plugins.
Preloading 0 native plugins for Editor in 0.00 ms.
Mono: successfully reloaded assembly
- Completed reload, in  1.369 seconds
Platform modules already initialized, skipping
Refreshing native plugins compatible for Editor in 0.32 ms, found 2 plugins.
Preloading 0 native plugins for Editor in 0.00 ms.
Unloading 1388 Unused Serialized files (Serialized files now loaded: 0)
System memory in use before: 75.7 MB.
System memory in use after: 74.7 MB.

Unloading 19 unused Assets to reduce memory usage. Loaded Objects now: 1859.
Total: 2.270600 ms (FindLiveObjects: 0.141900 ms CreateObjectMapping: 0.042800 ms MarkObjects: 1.694500 ms  DeleteObjects: 0.390400 ms)

========================================================================
Received Prepare
Registering precompiled user dll's ...
Registered in 0.003797 seconds.
Begin MonoManager ReloadAssembly
Native extension for WindowsStandalone target not found
Refreshing native plugins compatible for Editor in 0.30 ms, found 2 plugins.
Preloading 0 native plugins for Editor in 0.00 ms.
Mono: successfully reloaded assembly
- Completed reload, in  1.006 seconds
Platform modules already initialized, skipping
Refreshing native plugins compatible for Editor in 0.36 ms, found 2 plugins.
Preloading 0 native plugins for Editor in 0.00 ms.
Unloading 1388 Unused Serialized files (Serialized files now loaded: 0)
System memory in use before: 75.7 MB.
System memory in use after: 74.7 MB.

Unloading 18 unused Assets to reduce memory usage. Loaded Objects now: 1862.
Total: 2.160900 ms (FindLiveObjects: 0.133300 ms CreateObjectMapping: 0.040300 ms MarkObjects: 1.604700 ms  DeleteObjects: 0.381600 ms)

========================================================================
Received Prepare
Registering precompiled user dll's ...
Registered in 0.004457 seconds.
Begin MonoManager ReloadAssembly
Native extension for WindowsStandalone target not found
Refreshing native plugins compatible for Editor in 0.31 ms, found 2 plugins.
Preloading 0 native plugins for Editor in 0.00 ms.
Mono: successfully reloaded assembly
- Completed reload, in  1.332 seconds
Platform modules already initialized, skipping
Refreshing native plugins compatible for Editor in 0.34 ms, found 2 plugins.
Preloading 0 native plugins for Editor in 0.00 ms.
Unloading 1388 Unused Serialized files (Serialized files now loaded: 0)
System memory in use before: 75.7 MB.
System memory in use after: 74.7 MB.

Unloading 18 unused Assets to reduce memory usage. Loaded Objects now: 1865.
Total: 2.281800 ms (FindLiveObjects: 0.132000 ms CreateObjectMapping: 0.041600 ms MarkObjects: 1.716500 ms  DeleteObjects: 0.390800 ms)

========================================================================
Received Prepare
Registering precompiled user dll's ...
Registered in 0.003792 seconds.
Begin MonoManager ReloadAssembly
Native extension for WindowsStandalone target not found
Refreshing native plugins compatible for Editor in 0.30 ms, found 2 plugins.
Preloading 0 native plugins for Editor in 0.00 ms.
Mono: successfully reloaded assembly
- Completed reload, in  1.038 seconds
Platform modules already initialized, skipping
Refreshing native plugins compatible for Editor in 0.37 ms, found 2 plugins.
Preloading 0 native plugins for Editor in 0.00 ms.
Unloading 1388 Unused Serialized files (Serialized files now loaded: 0)
System memory in use before: 75.7 MB.
System memory in use after: 74.7 MB.

Unloading 18 unused Assets to reduce memory usage. Loaded Objects now: 1868.
Total: 2.347100 ms (FindLiveObjects: 0.162600 ms CreateObjectMapping: 0.050700 ms MarkObjects: 1.672000 ms  DeleteObjects: 0.460900 ms)

========================================================================
Received Prepare
Registering precompiled user dll's ...
Registered in 0.003895 seconds.
Begin MonoManager ReloadAssembly
Native extension for WindowsStandalone target not found
Refreshing native plugins compatible for Editor in 0.32 ms, found 2 plugins.
Preloading 0 native plugins for Editor in 0.00 ms.
Mono: successfully reloaded assembly
- Completed reload, in  0.996 seconds
Platform modules already initialized, skipping
Refreshing native plugins compatible for Editor in 0.33 ms, found 2 plugins.
Preloading 0 native plugins for Editor in 0.00 ms.
Unloading 1388 Unused Serialized files (Serialized files now loaded: 0)
System memory in use before: 75.7 MB.
System memory in use after: 74.7 MB.

Unloading 18 unused Assets to reduce memory usage. Loaded Objects now: 1871.
Total: 2.456300 ms (FindLiveObjects: 0.174200 ms CreateObjectMapping: 0.047000 ms MarkObjects: 1.765600 ms  DeleteObjects: 0.468000 ms)

========================================================================
Received Prepare
Registering precompiled user dll's ...
Registered in 0.004001 seconds.
Begin MonoManager ReloadAssembly
Native extension for WindowsStandalone target not found
Refreshing native plugins compatible for Editor in 0.35 ms, found 2 plugins.
Preloading 0 native plugins for Editor in 0.00 ms.
Mono: successfully reloaded assembly
- Completed reload, in  0.984 seconds
Platform modules already initialized, skipping
Refreshing native plugins compatible for Editor in 0.34 ms, found 2 plugins.
Preloading 0 native plugins for Editor in 0.00 ms.
Unloading 1388 Unused Serialized files (Serialized files now loaded: 0)
System memory in use before: 75.7 MB.
System memory in use after: 74.7 MB.

Unloading 18 unused Assets to reduce memory usage. Loaded Objects now: 1874.
Total: 2.900600 ms (FindLiveObjects: 0.182700 ms CreateObjectMapping: 0.073200 ms MarkObjects: 2.053600 ms  DeleteObjects: 0.589700 ms)

========================================================================
Received Prepare
Registering precompiled user dll's ...
Registered in 0.003814 seconds.
Begin MonoManager ReloadAssembly
Native extension for WindowsStandalone target not found
Refreshing native plugins compatible for Editor in 0.33 ms, found 2 plugins.
Preloading 0 native plugins for Editor in 0.00 ms.
Mono: successfully reloaded assembly
- Completed reload, in  1.183 seconds
Platform modules already initialized, skipping
Refreshing native plugins compatible for Editor in 0.36 ms, found 2 plugins.
Preloading 0 native plugins for Editor in 0.00 ms.
Unloading 1388 Unused Serialized files (Serialized files now loaded: 0)
System memory in use before: 75.7 MB.
System memory in use after: 74.8 MB.

Unloading 18 unused Assets to reduce memory usage. Loaded Objects now: 1877.
Total: 3.355100 ms (FindLiveObjects: 0.155900 ms CreateObjectMapping: 0.044600 ms MarkObjects: 2.189000 ms  DeleteObjects: 0.941900 ms)

========================================================================
Received Prepare
Registering precompiled user dll's ...
Registered in 0.003703 seconds.
Begin MonoManager ReloadAssembly
Native extension for WindowsStandalone target not found
Refreshing native plugins compatible for Editor in 0.31 ms, found 2 plugins.
Preloading 0 native plugins for Editor in 0.00 ms.
Mono: successfully reloaded assembly
- Completed reload, in  1.018 seconds
Platform modules already initialized, skipping
Refreshing native plugins compatible for Editor in 0.38 ms, found 2 plugins.
Preloading 0 native plugins for Editor in 0.00 ms.
Unloading 1388 Unused Serialized files (Serialized files now loaded: 0)
System memory in use before: 75.7 MB.
System memory in use after: 74.8 MB.

Unloading 18 unused Assets to reduce memory usage. Loaded Objects now: 1880.
Total: 2.179500 ms (FindLiveObjects: 0.140600 ms CreateObjectMapping: 0.043300 ms MarkObjects: 1.578800 ms  DeleteObjects: 0.415900 ms)

========================================================================
Received Prepare
Registering precompiled user dll's ...
Registered in 0.003777 seconds.
Begin MonoManager ReloadAssembly
Native extension for WindowsStandalone target not found
Refreshing native plugins compatible for Editor in 0.33 ms, found 2 plugins.
Preloading 0 native plugins for Editor in 0.00 ms.
Mono: successfully reloaded assembly
- Completed reload, in  1.533 seconds
Platform modules already initialized, skipping
Refreshing native plugins compatible for Editor in 0.34 ms, found 2 plugins.
Preloading 0 native plugins for Editor in 0.00 ms.
Unloading 1388 Unused Serialized files (Serialized files now loaded: 0)
System memory in use before: 75.8 MB.
System memory in use after: 74.8 MB.

Unloading 18 unused Assets to reduce memory usage. Loaded Objects now: 1883.
Total: 2.085700 ms (FindLiveObjects: 0.129800 ms CreateObjectMapping: 0.039100 ms MarkObjects: 1.510000 ms  DeleteObjects: 0.405900 ms)

========================================================================
Received Prepare
Registering precompiled user dll's ...
Registered in 0.005220 seconds.
Begin MonoManager ReloadAssembly
Native extension for WindowsStandalone target not found
Refreshing native plugins compatible for Editor in 0.30 ms, found 2 plugins.
Preloading 0 native plugins for Editor in 0.00 ms.
Mono: successfully reloaded assembly
- Completed reload, in  0.977 seconds
Platform modules already initialized, skipping
Refreshing native plugins compatible for Editor in 0.33 ms, found 2 plugins.
Preloading 0 native plugins for Editor in 0.00 ms.
Unloading 1388 Unused Serialized files (Serialized files now loaded: 0)
System memory in use before: 75.8 MB.
System memory in use after: 74.8 MB.

Unloading 18 unused Assets to reduce memory usage. Loaded Objects now: 1886.
Total: 2.169200 ms (FindLiveObjects: 0.135700 ms CreateObjectMapping: 0.042500 ms MarkObjects: 1.580200 ms  DeleteObjects: 0.409800 ms)

========================================================================
Received Prepare
Registering precompiled user dll's ...
Registered in 0.003746 seconds.
Begin MonoManager ReloadAssembly
Native extension for WindowsStandalone target not found
Refreshing native plugins compatible for Editor in 0.30 ms, found 2 plugins.
Preloading 0 native plugins for Editor in 0.00 ms.
Mono: successfully reloaded assembly
- Completed reload, in  0.980 seconds
Platform modules already initialized, skipping
Refreshing native plugins compatible for Editor in 0.32 ms, found 2 plugins.
Preloading 0 native plugins for Editor in 0.00 ms.
Unloading 1388 Unused Serialized files (Serialized files now loaded: 0)
System memory in use before: 75.8 MB.
System memory in use after: 74.8 MB.

Unloading 18 unused Assets to reduce memory usage. Loaded Objects now: 1889.
Total: 2.130100 ms (FindLiveObjects: 0.128500 ms CreateObjectMapping: 0.039000 ms MarkObjects: 1.549500 ms  DeleteObjects: 0.412200 ms)

========================================================================
Received Prepare
Registering precompiled user dll's ...
Registered in 0.005547 seconds.
Begin MonoManager ReloadAssembly
Native extension for WindowsStandalone target not found
Refreshing native plugins compatible for Editor in 0.31 ms, found 2 plugins.
Preloading 0 native plugins for Editor in 0.00 ms.
Mono: successfully reloaded assembly
- Completed reload, in  1.719 seconds
Platform modules already initialized, skipping
Refreshing native plugins compatible for Editor in 0.32 ms, found 2 plugins.
Preloading 0 native plugins for Editor in 0.00 ms.
Unloading 1388 Unused Serialized files (Serialized files now loaded: 0)
System memory in use before: 75.8 MB.
System memory in use after: 74.8 MB.

Unloading 18 unused Assets to reduce memory usage. Loaded Objects now: 1892.
Total: 2.184100 ms (FindLiveObjects: 0.147100 ms CreateObjectMapping: 0.058500 ms MarkObjects: 1.560200 ms  DeleteObjects: 0.417300 ms)

========================================================================
Received Prepare
Registering precompiled user dll's ...
Registered in 0.003710 seconds.
Begin MonoManager ReloadAssembly
Native extension for WindowsStandalone target not found
Refreshing native plugins compatible for Editor in 0.30 ms, found 2 plugins.
Preloading 0 native plugins for Editor in 0.00 ms.
Mono: successfully reloaded assembly
- Completed reload, in  1.022 seconds
Platform modules already initialized, skipping
Refreshing native plugins compatible for Editor in 0.33 ms, found 2 plugins.
Preloading 0 native plugins for Editor in 0.00 ms.
Unloading 1388 Unused Serialized files (Serialized files now loaded: 0)
System memory in use before: 75.8 MB.
System memory in use after: 74.8 MB.

Unloading 18 unused Assets to reduce memory usage. Loaded Objects now: 1895.
Total: 2.255100 ms (FindLiveObjects: 0.156600 ms CreateObjectMapping: 0.043800 ms MarkObjects: 1.618300 ms  DeleteObjects: 0.435400 ms)

========================================================================
Received Prepare
Registering precompiled user dll's ...
Registered in 0.004007 seconds.
Begin MonoManager ReloadAssembly
Native extension for WindowsStandalone target not found
Refreshing native plugins compatible for Editor in 0.30 ms, found 2 plugins.
Preloading 0 native plugins for Editor in 0.00 ms.
Mono: successfully reloaded assembly
- Completed reload, in  1.041 seconds
Platform modules already initialized, skipping
Refreshing native plugins compatible for Editor in 0.33 ms, found 2 plugins.
Preloading 0 native plugins for Editor in 0.00 ms.
Unloading 1388 Unused Serialized files (Serialized files now loaded: 0)
System memory in use before: 75.8 MB.
System memory in use after: 74.8 MB.

Unloading 18 unused Assets to reduce memory usage. Loaded Objects now: 1898.
Total: 2.288400 ms (FindLiveObjects: 0.152400 ms CreateObjectMapping: 0.046800 ms MarkObjects: 1.669900 ms  DeleteObjects: 0.418200 ms)

========================================================================
Received Prepare
Registering precompiled user dll's ...
Registered in 0.004712 seconds.
Begin MonoManager ReloadAssembly
Native extension for WindowsStandalone target not found
Refreshing native plugins compatible for Editor in 0.31 ms, found 2 plugins.
Preloading 0 native plugins for Editor in 0.00 ms.
Mono: successfully reloaded assembly
- Completed reload, in  0.971 seconds
Platform modules already initialized, skipping
Refreshing native plugins compatible for Editor in 0.34 ms, found 2 plugins.
Preloading 0 native plugins for Editor in 0.00 ms.
Unloading 1388 Unused Serialized files (Serialized files now loaded: 0)
System memory in use before: 75.8 MB.
System memory in use after: 74.8 MB.

Unloading 18 unused Assets to reduce memory usage. Loaded Objects now: 1901.
Total: 2.404600 ms (FindLiveObjects: 0.141500 ms CreateObjectMapping: 0.043400 ms MarkObjects: 1.787500 ms  DeleteObjects: 0.430900 ms)

========================================================================
Received Prepare
Registering precompiled user dll's ...
Registered in 0.003841 seconds.
Begin MonoManager ReloadAssembly
Native extension for WindowsStandalone target not found
Refreshing native plugins compatible for Editor in 0.31 ms, found 2 plugins.
Preloading 0 native plugins for Editor in 0.00 ms.
Mono: successfully reloaded assembly
- Completed reload, in  0.973 seconds
Platform modules already initialized, skipping
Refreshing native plugins compatible for Editor in 0.35 ms, found 2 plugins.
Preloading 0 native plugins for Editor in 0.00 ms.
Unloading 1388 Unused Serialized files (Serialized files now loaded: 0)
System memory in use before: 75.8 MB.
System memory in use after: 74.8 MB.

Unloading 18 unused Assets to reduce memory usage. Loaded Objects now: 1904.
Total: 2.143100 ms (FindLiveObjects: 0.152000 ms CreateObjectMapping: 0.046300 ms MarkObjects: 1.536200 ms  DeleteObjects: 0.407800 ms)

========================================================================
Received Prepare
Registering precompiled user dll's ...
Registered in 0.003971 seconds.
Begin MonoManager ReloadAssembly
Native extension for WindowsStandalone target not found
Refreshing native plugins compatible for Editor in 0.31 ms, found 2 plugins.
Preloading 0 native plugins for Editor in 0.00 ms.
Mono: successfully reloaded assembly
- Completed reload, in  0.986 seconds
Platform modules already initialized, skipping
Refreshing native plugins compatible for Editor in 0.39 ms, found 2 plugins.
Preloading 0 native plugins for Editor in 0.00 ms.
Unloading 1388 Unused Serialized files (Serialized files now loaded: 0)
System memory in use before: 75.8 MB.
System memory in use after: 74.8 MB.

Unloading 18 unused Assets to reduce memory usage. Loaded Objects now: 1907.
Total: 2.315800 ms (FindLiveObjects: 0.145700 ms CreateObjectMapping: 0.043500 ms MarkObjects: 1.677100 ms  DeleteObjects: 0.448400 ms)

