Using pre-set license
Built from '2020.3/staging' branch; Version is '2020.3.11f1 (99c7afb366b3) revision 10078127'; Using compiler version '192528614'; Build Type 'Release'
OS: 'Windows 10 Pro; OS build 19041.985; Version 2004; 64bit' Language: 'ko' Physical Memory: 16322 MB
BatchMode: 1, IsHumanControllingUs: 0, StartBugReporterOnCrash: 0, Is64bit: 1, IsPro: 0

 COMMAND LINE ARGUMENTS:
C:\Program Files\Unity\2020.3.11f1\Editor\Unity.exe
-adb2
-batchMode
-noUpm
-name
AssetImportWorker0
-projectPath
C:/Users/가희/Desktop/GithubTest/Y_Unity/0609_Chicken_for_NavMash
-logFile
Logs/AssetImportWorker0.log
-srvPort
55856
Successfully changed project path to: C:/Users/가희/Desktop/GithubTest/Y_Unity/0609_Chicken_for_NavMash
C:/Users/가희/Desktop/GithubTest/Y_Unity/0609_Chicken_for_NavMash
Using Asset Import Pipeline V2.
Refreshing native plugins compatible for Editor in 30.27 ms, found 2 plugins.
Preloading 0 native plugins for Editor in 0.00 ms.
Initialize engine version: 2020.3.11f1 (99c7afb366b3)
[Subsystems] Discovering subsystems at path C:/Program Files/Unity/2020.3.11f1/Editor/Data/Resources/UnitySubsystems
[Subsystems] Discovering subsystems at path C:/Users/가희/Desktop/GithubTest/Y_Unity/0609_Chicken_for_NavMash/Assets
GfxDevice: creating device client; threaded=0
Direct3D:
    Version:  Direct3D 11.0 [level 11.1]
    Renderer: NVIDIA GeForce RTX 2060 (ID=0x1f08)
    Vendor:   
    VRAM:     5980 MB
    Driver:   27.21.14.5671
Initialize mono
Mono path[0] = 'C:/Program Files/Unity/2020.3.11f1/Editor/Data/Managed'
Mono path[1] = 'C:/Program Files/Unity/2020.3.11f1/Editor/Data/MonoBleedingEdge/lib/mono/unityjit'
Mono config path = 'C:/Program Files/Unity/2020.3.11f1/Editor/Data/MonoBleedingEdge/etc'
Using monoOptions --debugger-agent=transport=dt_socket,embedding=1,server=y,suspend=n,address=127.0.0.1:56456
Begin MonoManager ReloadAssembly
Registering precompiled unity dll's ...
Register platform support module: C:/Program Files/Unity/2020.3.11f1/Editor/Data/PlaybackEngines/WindowsStandaloneSupport/UnityEditor.WindowsStandalone.Extensions.dll
Registered in 0.003799 seconds.
Native extension for WindowsStandalone target not found
Refreshing native plugins compatible for Editor in 28.40 ms, found 2 plugins.
Preloading 0 native plugins for Editor in 0.00 ms.
Mono: successfully reloaded assembly
- Completed reload, in  2.604 seconds
Platform modules already initialized, skipping
Registering precompiled user dll's ...
Registered in 0.008011 seconds.
Begin MonoManager ReloadAssembly
Native extension for WindowsStandalone target not found
Refreshing native plugins compatible for Editor in 0.27 ms, found 2 plugins.
Preloading 0 native plugins for Editor in 0.00 ms.
Mono: successfully reloaded assembly
- Completed reload, in  1.023 seconds
Platform modules already initialized, skipping
========================================================================
Worker process is ready to serve import requests
Launched and connected shader compiler UnityShaderCompiler.exe after 0.13 seconds
Refreshing native plugins compatible for Editor in 0.36 ms, found 2 plugins.
Preloading 0 native plugins for Editor in 0.00 ms.
Unloading 1392 Unused Serialized files (Serialized files now loaded: 0)
System memory in use before: 67.4 MB.
System memory in use after: 67.5 MB.

Unloading 18 unused Assets to reduce memory usage. Loaded Objects now: 1828.
Total: 1.694500 ms (FindLiveObjects: 0.111200 ms CreateObjectMapping: 0.038000 ms MarkObjects: 1.492700 ms  DeleteObjects: 0.051800 ms)

========================================================================
Received Import Request.
  path: Assets/My_Prefab/Banana.prefab
  artifactKey: Guid(0acba344cb4e9cc44979ddadb6512218) Importer(815301076,1909f56bfc062723c751e8b465ee728b)
Start importing Assets/My_Prefab/Banana.prefab using Guid(0acba344cb4e9cc44979ddadb6512218) Importer(815301076,1909f56bfc062723c751e8b465ee728b)  -> (artifact id: '21002e8cb7798434f84f80b9bafa117b') in 0.263601 seconds
  Import took 0.612387 seconds .

========================================================================
Received Prepare
Registering precompiled user dll's ...
Registered in 0.008471 seconds.
Begin MonoManager ReloadAssembly
Native extension for WindowsStandalone target not found
Refreshing native plugins compatible for Editor in 0.27 ms, found 2 plugins.
Preloading 0 native plugins for Editor in 0.00 ms.
Mono: successfully reloaded assembly
- Completed reload, in  1.045 seconds
Platform modules already initialized, skipping
Refreshing native plugins compatible for Editor in 0.27 ms, found 2 plugins.
Preloading 0 native plugins for Editor in 0.00 ms.
Unloading 1387 Unused Serialized files (Serialized files now loaded: 0)
System memory in use before: 70.5 MB.
System memory in use after: 70.6 MB.

Unloading 13 unused Assets to reduce memory usage. Loaded Objects now: 1838.
Total: 1.565500 ms (FindLiveObjects: 0.142900 ms CreateObjectMapping: 0.046400 ms MarkObjects: 1.361300 ms  DeleteObjects: 0.014000 ms)

========================================================================
Received Import Request.
  Time since last request: 104.525559 seconds.
  path: Assets/My_Prefab/Banana.prefab
  artifactKey: Guid(0acba344cb4e9cc44979ddadb6512218) Importer(815301076,1909f56bfc062723c751e8b465ee728b)
Start importing Assets/My_Prefab/Banana.prefab using Guid(0acba344cb4e9cc44979ddadb6512218) Importer(815301076,1909f56bfc062723c751e8b465ee728b)  -> (artifact id: '3bb1bcf48544621038b0990efcc19c6a') in 0.050631 seconds
  Import took 0.052751 seconds .

========================================================================
Received Prepare
Registering precompiled user dll's ...
Registered in 0.015205 seconds.
Begin MonoManager ReloadAssembly
Native extension for WindowsStandalone target not found
Refreshing native plugins compatible for Editor in 0.30 ms, found 2 plugins.
Preloading 0 native plugins for Editor in 0.00 ms.
Mono: successfully reloaded assembly
- Completed reload, in  1.186 seconds
Platform modules already initialized, skipping
Refreshing native plugins compatible for Editor in 0.32 ms, found 2 plugins.
Preloading 0 native plugins for Editor in 0.00 ms.
Unloading 1387 Unused Serialized files (Serialized files now loaded: 0)
System memory in use before: 70.6 MB.
System memory in use after: 70.6 MB.

Unloading 13 unused Assets to reduce memory usage. Loaded Objects now: 1842.
Total: 1.999500 ms (FindLiveObjects: 0.162000 ms CreateObjectMapping: 0.058700 ms MarkObjects: 1.757900 ms  DeleteObjects: 0.019600 ms)

========================================================================
Received Prepare
Registering precompiled user dll's ...
Registered in 0.008063 seconds.
Begin MonoManager ReloadAssembly
Native extension for WindowsStandalone target not found
Refreshing native plugins compatible for Editor in 0.27 ms, found 2 plugins.
Preloading 0 native plugins for Editor in 0.00 ms.
Mono: successfully reloaded assembly
- Completed reload, in  1.112 seconds
Platform modules already initialized, skipping
Refreshing native plugins compatible for Editor in 0.29 ms, found 2 plugins.
Preloading 0 native plugins for Editor in 0.00 ms.
Unloading 1387 Unused Serialized files (Serialized files now loaded: 0)
System memory in use before: 70.6 MB.
System memory in use after: 70.7 MB.

Unloading 13 unused Assets to reduce memory usage. Loaded Objects now: 1845.
Total: 2.180000 ms (FindLiveObjects: 0.125700 ms CreateObjectMapping: 0.041700 ms MarkObjects: 1.991600 ms  DeleteObjects: 0.019600 ms)

========================================================================
Received Prepare
Registering precompiled user dll's ...
Registered in 0.009218 seconds.
Begin MonoManager ReloadAssembly
Native extension for WindowsStandalone target not found
Refreshing native plugins compatible for Editor in 0.28 ms, found 2 plugins.
Preloading 0 native plugins for Editor in 0.00 ms.
Mono: successfully reloaded assembly
- Completed reload, in  1.257 seconds
Platform modules already initialized, skipping
Refreshing native plugins compatible for Editor in 0.31 ms, found 2 plugins.
Preloading 0 native plugins for Editor in 0.00 ms.
Unloading 1387 Unused Serialized files (Serialized files now loaded: 0)
System memory in use before: 70.6 MB.
System memory in use after: 70.7 MB.

Unloading 13 unused Assets to reduce memory usage. Loaded Objects now: 1848.
Total: 2.018700 ms (FindLiveObjects: 0.147400 ms CreateObjectMapping: 0.047800 ms MarkObjects: 1.804100 ms  DeleteObjects: 0.018500 ms)

========================================================================
Received Import Request.
  Time since last request: 181.491547 seconds.
  path: Assets/My_Prefab/Cheese.prefab
  artifactKey: Guid(4c109c63e8653814fac54ebd40cf51c6) Importer(815301076,1909f56bfc062723c751e8b465ee728b)
Start importing Assets/My_Prefab/Cheese.prefab using Guid(4c109c63e8653814fac54ebd40cf51c6) Importer(815301076,1909f56bfc062723c751e8b465ee728b)  -> (artifact id: 'fbaa907a5fe086b859976226d09e8032') in 0.066606 seconds
  Import took 0.069624 seconds .

========================================================================
Received Import Request.
  Time since last request: 6.717478 seconds.
  path: Assets/My_Prefab/Cheese.prefab
  artifactKey: Guid(4c109c63e8653814fac54ebd40cf51c6) Importer(815301076,1909f56bfc062723c751e8b465ee728b)
Start importing Assets/My_Prefab/Cheese.prefab using Guid(4c109c63e8653814fac54ebd40cf51c6) Importer(815301076,1909f56bfc062723c751e8b465ee728b)  -> (artifact id: '11d6d989df767d3a0e222be855fd9379') in 0.021938 seconds
  Import took 0.024368 seconds .

========================================================================
Received Prepare
Registering precompiled user dll's ...
Registered in 0.009938 seconds.
Begin MonoManager ReloadAssembly
Native extension for WindowsStandalone target not found
Refreshing native plugins compatible for Editor in 0.27 ms, found 2 plugins.
Preloading 0 native plugins for Editor in 0.00 ms.
Mono: successfully reloaded assembly
- Completed reload, in  1.255 seconds
Platform modules already initialized, skipping
Refreshing native plugins compatible for Editor in 0.28 ms, found 2 plugins.
Preloading 0 native plugins for Editor in 0.00 ms.
Unloading 1387 Unused Serialized files (Serialized files now loaded: 0)
System memory in use before: 70.6 MB.
System memory in use after: 70.7 MB.

Unloading 13 unused Assets to reduce memory usage. Loaded Objects now: 1852.
Total: 1.752000 ms (FindLiveObjects: 0.171100 ms CreateObjectMapping: 0.099200 ms MarkObjects: 1.465900 ms  DeleteObjects: 0.014600 ms)

========================================================================
Received Import Request.
  Time since last request: 147.102208 seconds.
  path: Assets/My_Prefab/Box_Black.prefab
  artifactKey: Guid(196be6f508f6a4144b56d879e8acff98) Importer(815301076,1909f56bfc062723c751e8b465ee728b)
Start importing Assets/My_Prefab/Box_Black.prefab using Guid(196be6f508f6a4144b56d879e8acff98) Importer(815301076,1909f56bfc062723c751e8b465ee728b)  -> (artifact id: 'affb9a1393f5350def3b154b235e5496') in 0.027624 seconds
  Import took 0.029975 seconds .

========================================================================
Received Import Request.
  Time since last request: 7.338804 seconds.
  path: Assets/My_Prefab/Olive.prefab
  artifactKey: Guid(6736d329725afe449b78daddc727659e) Importer(815301076,1909f56bfc062723c751e8b465ee728b)
Start importing Assets/My_Prefab/Olive.prefab using Guid(6736d329725afe449b78daddc727659e) Importer(815301076,1909f56bfc062723c751e8b465ee728b)  -> (artifact id: '269ebf1ab5e50e0cf563abcba305eb3a') in 0.040493 seconds
  Import took 0.043070 seconds .

========================================================================
Received Import Request.
  Time since last request: 2.856736 seconds.
  path: Assets/My_Prefab/Hamburger.prefab
  artifactKey: Guid(afc9506d6e5f4b948a9dbd0c1006e527) Importer(815301076,1909f56bfc062723c751e8b465ee728b)
Start importing Assets/My_Prefab/Hamburger.prefab using Guid(afc9506d6e5f4b948a9dbd0c1006e527) Importer(815301076,1909f56bfc062723c751e8b465ee728b)  -> (artifact id: '25173bf116405b5554dfbc4c91d8f299') in 0.022729 seconds
  Import took 0.026529 seconds .

========================================================================
Received Import Request.
  Time since last request: 0.004610 seconds.
  path: Assets/My_Prefab/Hamburger.prefab
  artifactKey: Guid(afc9506d6e5f4b948a9dbd0c1006e527) Importer(815301076,1909f56bfc062723c751e8b465ee728b)
Start importing Assets/My_Prefab/Hamburger.prefab using Guid(afc9506d6e5f4b948a9dbd0c1006e527) Importer(815301076,1909f56bfc062723c751e8b465ee728b)  -> (artifact id: '25173bf116405b5554dfbc4c91d8f299') in 0.015829 seconds
  Import took 0.018814 seconds .

========================================================================
Received Import Request.
  Time since last request: 4.101379 seconds.
  path: Assets/My_Prefab/Hamburger.prefab
  artifactKey: Guid(afc9506d6e5f4b948a9dbd0c1006e527) Importer(815301076,1909f56bfc062723c751e8b465ee728b)
Start importing Assets/My_Prefab/Hamburger.prefab using Guid(afc9506d6e5f4b948a9dbd0c1006e527) Importer(815301076,1909f56bfc062723c751e8b465ee728b)  -> (artifact id: '11a2a7c65a1463f85b69305a454f4f69') in 0.031819 seconds
  Import took 0.035328 seconds .

========================================================================
Received Import Request.
  Time since last request: 3.437378 seconds.
  path: Assets/Script/FruitDelete.cs
  artifactKey: Guid(1e2c0afa7eff0004c8bb0140d4e742c9) Importer(815301076,1909f56bfc062723c751e8b465ee728b)
Start importing Assets/Script/FruitDelete.cs using Guid(1e2c0afa7eff0004c8bb0140d4e742c9) Importer(815301076,1909f56bfc062723c751e8b465ee728b)  -> (artifact id: '8c332953942d6f383ad399b189cb41ef') in 0.030589 seconds
  Import took 0.033290 seconds .

========================================================================
Received Import Request.
  Time since last request: 0.846631 seconds.
  path: Assets/Script/FruitManager.cs
  artifactKey: Guid(9c9e3ed1a8fe13b499597503d1825d5e) Importer(815301076,1909f56bfc062723c751e8b465ee728b)
Start importing Assets/Script/FruitManager.cs using Guid(9c9e3ed1a8fe13b499597503d1825d5e) Importer(815301076,1909f56bfc062723c751e8b465ee728b)  -> (artifact id: '955847b38601989191cfb42dde59d78f') in 0.011422 seconds
  Import took 0.014913 seconds .

========================================================================
Received Import Request.
  Time since last request: 0.023483 seconds.
  path: Assets/Script/FruitManager.cs
  artifactKey: Guid(9c9e3ed1a8fe13b499597503d1825d5e) Importer(815301076,1909f56bfc062723c751e8b465ee728b)
Start importing Assets/Script/FruitManager.cs using Guid(9c9e3ed1a8fe13b499597503d1825d5e) Importer(815301076,1909f56bfc062723c751e8b465ee728b)  -> (artifact id: '955847b38601989191cfb42dde59d78f') in 0.008044 seconds
  Import took 0.010730 seconds .

========================================================================
Received Import Request.
  Time since last request: 7.131652 seconds.
  path: Assets/My_Prefab/Olive.prefab
  artifactKey: Guid(6736d329725afe449b78daddc727659e) Importer(815301076,1909f56bfc062723c751e8b465ee728b)
Start importing Assets/My_Prefab/Olive.prefab using Guid(6736d329725afe449b78daddc727659e) Importer(815301076,1909f56bfc062723c751e8b465ee728b)  -> (artifact id: '35cb0952d138ff575d8bd5e1896f116a') in 0.109301 seconds
  Import took 0.120363 seconds .

========================================================================
Received Import Request.
  Time since last request: 21.565379 seconds.
  path: Assets/My_Prefab
  artifactKey: Guid(086e5b5a970de4e4d8114ad43369b640) Importer(815301076,1909f56bfc062723c751e8b465ee728b)
Start importing Assets/My_Prefab using Guid(086e5b5a970de4e4d8114ad43369b640) Importer(815301076,1909f56bfc062723c751e8b465ee728b)  -> (artifact id: '646191dd969d1746cf3797d24edf961d') in 0.010407 seconds
  Import took 0.013005 seconds .

========================================================================
Received Import Request.
  Time since last request: 4.586468 seconds.
  path: Assets/My_Prefab/Boxes
  artifactKey: Guid(ad9b8a2b480bcc24299ac29866554cfb) Importer(815301076,1909f56bfc062723c751e8b465ee728b)
Start importing Assets/My_Prefab/Boxes using Guid(ad9b8a2b480bcc24299ac29866554cfb) Importer(815301076,1909f56bfc062723c751e8b465ee728b)  -> (artifact id: '2def15c24c3a4eae5628aabc1439aeba') in 0.017676 seconds
  Import took 0.020540 seconds .

========================================================================
Received Import Request.
  Time since last request: 2.608665 seconds.
  path: Assets/My_Prefab/Box.PNG
  artifactKey: Guid(c06ae008c9d192b48b182bd069fc91a3) Importer(815301076,1909f56bfc062723c751e8b465ee728b)
Start importing Assets/My_Prefab/Box.PNG using Guid(c06ae008c9d192b48b182bd069fc91a3) Importer(815301076,1909f56bfc062723c751e8b465ee728b)  -> (artifact id: '1f58c89aa65ba52fa3d88129566a9394') in 0.177593 seconds
  Import took 0.179922 seconds .

========================================================================
Received Prepare
Registering precompiled user dll's ...
Registered in 0.009351 seconds.
Begin MonoManager ReloadAssembly
Native extension for WindowsStandalone target not found
Refreshing native plugins compatible for Editor in 0.28 ms, found 2 plugins.
Preloading 0 native plugins for Editor in 0.00 ms.
Mono: successfully reloaded assembly
- Completed reload, in  1.225 seconds
Platform modules already initialized, skipping
Refreshing native plugins compatible for Editor in 0.84 ms, found 2 plugins.
Preloading 0 native plugins for Editor in 0.00 ms.
Unloading 1387 Unused Serialized files (Serialized files now loaded: 0)
System memory in use before: 70.7 MB.
System memory in use after: 70.8 MB.

Unloading 13 unused Assets to reduce memory usage. Loaded Objects now: 1858.
Total: 2.019200 ms (FindLiveObjects: 0.195700 ms CreateObjectMapping: 0.097900 ms MarkObjects: 1.705700 ms  DeleteObjects: 0.018700 ms)

========================================================================
Received Prepare
Registering precompiled user dll's ...
Registered in 0.009148 seconds.
Begin MonoManager ReloadAssembly
Native extension for WindowsStandalone target not found
Refreshing native plugins compatible for Editor in 0.28 ms, found 2 plugins.
Preloading 0 native plugins for Editor in 0.00 ms.
Mono: successfully reloaded assembly
- Completed reload, in  1.280 seconds
Platform modules already initialized, skipping
Refreshing native plugins compatible for Editor in 0.28 ms, found 2 plugins.
Preloading 0 native plugins for Editor in 0.00 ms.
Unloading 1387 Unused Serialized files (Serialized files now loaded: 0)
System memory in use before: 70.7 MB.
System memory in use after: 70.8 MB.

Unloading 13 unused Assets to reduce memory usage. Loaded Objects now: 1861.
Total: 1.699900 ms (FindLiveObjects: 0.130900 ms CreateObjectMapping: 0.041700 ms MarkObjects: 1.510500 ms  DeleteObjects: 0.016000 ms)

========================================================================
Received Prepare
Registering precompiled user dll's ...
Registered in 0.010915 seconds.
Begin MonoManager ReloadAssembly
Native extension for WindowsStandalone target not found
Refreshing native plugins compatible for Editor in 0.28 ms, found 2 plugins.
Preloading 0 native plugins for Editor in 0.00 ms.
Mono: successfully reloaded assembly
- Completed reload, in  1.399 seconds
Platform modules already initialized, skipping
Refreshing native plugins compatible for Editor in 0.29 ms, found 2 plugins.
Preloading 0 native plugins for Editor in 0.00 ms.
Unloading 1387 Unused Serialized files (Serialized files now loaded: 0)
System memory in use before: 70.7 MB.
System memory in use after: 70.8 MB.

Unloading 13 unused Assets to reduce memory usage. Loaded Objects now: 1864.
Total: 2.472400 ms (FindLiveObjects: 0.167600 ms CreateObjectMapping: 0.115200 ms MarkObjects: 2.167200 ms  DeleteObjects: 0.021100 ms)

========================================================================
Received Prepare
Registering precompiled user dll's ...
Registered in 0.013199 seconds.
Begin MonoManager ReloadAssembly
Native extension for WindowsStandalone target not found
Refreshing native plugins compatible for Editor in 0.29 ms, found 2 plugins.
Preloading 0 native plugins for Editor in 0.00 ms.
Mono: successfully reloaded assembly
- Completed reload, in  1.319 seconds
Platform modules already initialized, skipping
Refreshing native plugins compatible for Editor in 0.31 ms, found 2 plugins.
Preloading 0 native plugins for Editor in 0.00 ms.
Unloading 1387 Unused Serialized files (Serialized files now loaded: 0)
System memory in use before: 70.7 MB.
System memory in use after: 70.8 MB.

Unloading 13 unused Assets to reduce memory usage. Loaded Objects now: 1867.
Total: 2.054500 ms (FindLiveObjects: 0.264000 ms CreateObjectMapping: 0.080800 ms MarkObjects: 1.689100 ms  DeleteObjects: 0.019600 ms)

========================================================================
Received Prepare
Registering precompiled user dll's ...
Registered in 0.011810 seconds.
Begin MonoManager ReloadAssembly
Native extension for WindowsStandalone target not found
Refreshing native plugins compatible for Editor in 0.29 ms, found 2 plugins.
Preloading 0 native plugins for Editor in 0.00 ms.
Mono: successfully reloaded assembly
- Completed reload, in  1.391 seconds
Platform modules already initialized, skipping
Refreshing native plugins compatible for Editor in 0.33 ms, found 2 plugins.
Preloading 0 native plugins for Editor in 0.00 ms.
Unloading 1387 Unused Serialized files (Serialized files now loaded: 0)
System memory in use before: 70.7 MB.
System memory in use after: 70.8 MB.

Unloading 13 unused Assets to reduce memory usage. Loaded Objects now: 1870.
Total: 2.152600 ms (FindLiveObjects: 0.189200 ms CreateObjectMapping: 0.283900 ms MarkObjects: 1.659900 ms  DeleteObjects: 0.018600 ms)

========================================================================
Received Prepare
Registering precompiled user dll's ...
Registered in 0.010151 seconds.
Begin MonoManager ReloadAssembly
Native extension for WindowsStandalone target not found
Refreshing native plugins compatible for Editor in 0.29 ms, found 2 plugins.
Preloading 0 native plugins for Editor in 0.00 ms.
Mono: successfully reloaded assembly
- Completed reload, in  1.420 seconds
Platform modules already initialized, skipping
Refreshing native plugins compatible for Editor in 0.28 ms, found 2 plugins.
Preloading 0 native plugins for Editor in 0.00 ms.
Unloading 1387 Unused Serialized files (Serialized files now loaded: 0)
System memory in use before: 70.7 MB.
System memory in use after: 70.8 MB.

Unloading 13 unused Assets to reduce memory usage. Loaded Objects now: 1873.
Total: 1.539400 ms (FindLiveObjects: 0.134000 ms CreateObjectMapping: 0.041100 ms MarkObjects: 1.348700 ms  DeleteObjects: 0.014800 ms)

========================================================================
Received Prepare
Registering precompiled user dll's ...
Registered in 0.011498 seconds.
Begin MonoManager ReloadAssembly
Native extension for WindowsStandalone target not found
Refreshing native plugins compatible for Editor in 0.29 ms, found 2 plugins.
Preloading 0 native plugins for Editor in 0.00 ms.
Mono: successfully reloaded assembly
- Completed reload, in  1.120 seconds
Platform modules already initialized, skipping
Refreshing native plugins compatible for Editor in 0.28 ms, found 2 plugins.
Preloading 0 native plugins for Editor in 0.00 ms.
Unloading 1387 Unused Serialized files (Serialized files now loaded: 0)
System memory in use before: 70.7 MB.
System memory in use after: 70.8 MB.

Unloading 13 unused Assets to reduce memory usage. Loaded Objects now: 1876.
Total: 1.504400 ms (FindLiveObjects: 0.124300 ms CreateObjectMapping: 0.036500 ms MarkObjects: 1.327700 ms  DeleteObjects: 0.015100 ms)

========================================================================
Received Prepare
Registering precompiled user dll's ...
Registered in 0.009270 seconds.
Begin MonoManager ReloadAssembly
Native extension for WindowsStandalone target not found
Refreshing native plugins compatible for Editor in 0.28 ms, found 2 plugins.
Preloading 0 native plugins for Editor in 0.00 ms.
Mono: successfully reloaded assembly
- Completed reload, in  1.207 seconds
Platform modules already initialized, skipping
Refreshing native plugins compatible for Editor in 0.29 ms, found 2 plugins.
Preloading 0 native plugins for Editor in 0.00 ms.
Unloading 1387 Unused Serialized files (Serialized files now loaded: 0)
System memory in use before: 70.7 MB.
System memory in use after: 70.8 MB.

Unloading 13 unused Assets to reduce memory usage. Loaded Objects now: 1879.
Total: 1.840000 ms (FindLiveObjects: 0.293700 ms CreateObjectMapping: 0.045000 ms MarkObjects: 1.484900 ms  DeleteObjects: 0.014900 ms)

========================================================================
Received Prepare
Registering precompiled user dll's ...
Registered in 0.009660 seconds.
Begin MonoManager ReloadAssembly
Native extension for WindowsStandalone target not found
Refreshing native plugins compatible for Editor in 0.37 ms, found 2 plugins.
Preloading 0 native plugins for Editor in 0.00 ms.
Mono: successfully reloaded assembly
- Completed reload, in  1.201 seconds
Platform modules already initialized, skipping
Refreshing native plugins compatible for Editor in 0.31 ms, found 2 plugins.
Preloading 0 native plugins for Editor in 0.00 ms.
Unloading 1387 Unused Serialized files (Serialized files now loaded: 0)
System memory in use before: 70.7 MB.
System memory in use after: 70.8 MB.

Unloading 13 unused Assets to reduce memory usage. Loaded Objects now: 1882.
Total: 2.539800 ms (FindLiveObjects: 0.152900 ms CreateObjectMapping: 0.046600 ms MarkObjects: 2.317900 ms  DeleteObjects: 0.020500 ms)

========================================================================
Received Prepare
Registering precompiled user dll's ...
Registered in 0.010146 seconds.
Begin MonoManager ReloadAssembly
Native extension for WindowsStandalone target not found
Refreshing native plugins compatible for Editor in 0.28 ms, found 2 plugins.
Preloading 0 native plugins for Editor in 0.00 ms.
Mono: successfully reloaded assembly
- Completed reload, in  1.278 seconds
Platform modules already initialized, skipping
Refreshing native plugins compatible for Editor in 0.29 ms, found 2 plugins.
Preloading 0 native plugins for Editor in 0.00 ms.
Unloading 1387 Unused Serialized files (Serialized files now loaded: 0)
System memory in use before: 70.7 MB.
System memory in use after: 70.8 MB.

Unloading 13 unused Assets to reduce memory usage. Loaded Objects now: 1885.
Total: 2.185100 ms (FindLiveObjects: 0.160500 ms CreateObjectMapping: 0.051900 ms MarkObjects: 1.949300 ms  DeleteObjects: 0.022200 ms)

========================================================================
Received Prepare
Registering precompiled user dll's ...
Registered in 0.009291 seconds.
Begin MonoManager ReloadAssembly
Native extension for WindowsStandalone target not found
Refreshing native plugins compatible for Editor in 0.30 ms, found 2 plugins.
Preloading 0 native plugins for Editor in 0.00 ms.
Mono: successfully reloaded assembly
- Completed reload, in  1.239 seconds
Platform modules already initialized, skipping
Refreshing native plugins compatible for Editor in 0.28 ms, found 2 plugins.
Preloading 0 native plugins for Editor in 0.00 ms.
Unloading 1387 Unused Serialized files (Serialized files now loaded: 0)
System memory in use before: 70.7 MB.
System memory in use after: 70.8 MB.

Unloading 13 unused Assets to reduce memory usage. Loaded Objects now: 1888.
Total: 1.564400 ms (FindLiveObjects: 0.128300 ms CreateObjectMapping: 0.040400 ms MarkObjects: 1.379700 ms  DeleteObjects: 0.015100 ms)

========================================================================
Received Prepare
Registering precompiled user dll's ...
Registered in 0.011178 seconds.
Begin MonoManager ReloadAssembly
Native extension for WindowsStandalone target not found
Refreshing native plugins compatible for Editor in 0.29 ms, found 2 plugins.
Preloading 0 native plugins for Editor in 0.00 ms.
Mono: successfully reloaded assembly
- Completed reload, in  1.233 seconds
Platform modules already initialized, skipping
Refreshing native plugins compatible for Editor in 0.28 ms, found 2 plugins.
Preloading 0 native plugins for Editor in 0.00 ms.
Unloading 1387 Unused Serialized files (Serialized files now loaded: 0)
System memory in use before: 70.7 MB.
System memory in use after: 70.8 MB.

Unloading 13 unused Assets to reduce memory usage. Loaded Objects now: 1891.
Total: 1.804700 ms (FindLiveObjects: 0.130300 ms CreateObjectMapping: 0.036700 ms MarkObjects: 1.619900 ms  DeleteObjects: 0.016500 ms)

========================================================================
Received Prepare
Registering precompiled user dll's ...
Registered in 0.010968 seconds.
Begin MonoManager ReloadAssembly
Native extension for WindowsStandalone target not found
Refreshing native plugins compatible for Editor in 0.28 ms, found 2 plugins.
Preloading 0 native plugins for Editor in 0.00 ms.
Mono: successfully reloaded assembly
- Completed reload, in  1.292 seconds
Platform modules already initialized, skipping
Refreshing native plugins compatible for Editor in 0.45 ms, found 2 plugins.
Preloading 0 native plugins for Editor in 0.00 ms.
Unloading 1387 Unused Serialized files (Serialized files now loaded: 0)
System memory in use before: 70.7 MB.
System memory in use after: 70.8 MB.

Unloading 13 unused Assets to reduce memory usage. Loaded Objects now: 1894.
Total: 2.333500 ms (FindLiveObjects: 0.153200 ms CreateObjectMapping: 0.046000 ms MarkObjects: 2.114600 ms  DeleteObjects: 0.018000 ms)

========================================================================
Received Prepare
Registering precompiled user dll's ...
Registered in 0.023947 seconds.
Begin MonoManager ReloadAssembly
Native extension for WindowsStandalone target not found
Refreshing native plugins compatible for Editor in 0.28 ms, found 2 plugins.
Preloading 0 native plugins for Editor in 0.00 ms.
Mono: successfully reloaded assembly
- Completed reload, in  1.038 seconds
Platform modules already initialized, skipping
Refreshing native plugins compatible for Editor in 0.28 ms, found 2 plugins.
Preloading 0 native plugins for Editor in 0.00 ms.
Unloading 1387 Unused Serialized files (Serialized files now loaded: 0)
System memory in use before: 70.7 MB.
System memory in use after: 70.8 MB.

Unloading 13 unused Assets to reduce memory usage. Loaded Objects now: 1897.
Total: 1.742000 ms (FindLiveObjects: 0.121200 ms CreateObjectMapping: 0.035600 ms MarkObjects: 1.569600 ms  DeleteObjects: 0.014800 ms)

AssetImportWorkerClient::OnTransportError - code=2 error=End of file
