Using pre-set license
Built from '2020.3/staging' branch; Version is '2020.3.10f1 (297d780c91bc) revision 2719096'; Using compiler version '192528614'; Build Type 'Release'
OS: 'Windows 10 Pro; OS build 19042.985; Version 2009; 64bit' Language: 'ko' Physical Memory: 8146 MB
BatchMode: 1, IsHumanControllingUs: 0, StartBugReporterOnCrash: 0, Is64bit: 1, IsPro: 0

 COMMAND LINE ARGUMENTS:
C:\Program Files\Unity\Hub\Editor\2020.3.10f1\Editor\Unity.exe
-adb2
-batchMode
-noUpm
-name
AssetImportWorker0
-projectPath
C:/Users/admin/Documents/GitHub/Y_Unity/unityStudy
-logFile
Logs/AssetImportWorker0.log
-srvPort
59959
Successfully changed project path to: C:/Users/admin/Documents/GitHub/Y_Unity/unityStudy
C:/Users/admin/Documents/GitHub/Y_Unity/unityStudy
Using Asset Import Pipeline V2.
Refreshing native plugins compatible for Editor in 28.65 ms, found 2 plugins.
Preloading 0 native plugins for Editor in 0.00 ms.
Initialize engine version: 2020.3.10f1 (297d780c91bc)
[Subsystems] Discovering subsystems at path C:/Program Files/Unity/Hub/Editor/2020.3.10f1/Editor/Data/Resources/UnitySubsystems
[Subsystems] Discovering subsystems at path C:/Users/admin/Documents/GitHub/Y_Unity/unityStudy/Assets
GfxDevice: creating device client; threaded=0
Direct3D:
    Version:  Direct3D 11.0 [level 11.1]
    Renderer: NVIDIA GeForce GTX 1050 Ti (ID=0x1c82)
    Vendor:   
    VRAM:     4018 MB
    Driver:   27.21.14.5671
Initialize mono
Mono path[0] = 'C:/Program Files/Unity/Hub/Editor/2020.3.10f1/Editor/Data/Managed'
Mono path[1] = 'C:/Program Files/Unity/Hub/Editor/2020.3.10f1/Editor/Data/MonoBleedingEdge/lib/mono/unityjit'
Mono config path = 'C:/Program Files/Unity/Hub/Editor/2020.3.10f1/Editor/Data/MonoBleedingEdge/etc'
Using monoOptions --debugger-agent=transport=dt_socket,embedding=1,server=y,suspend=n,address=127.0.0.1:56988
Begin MonoManager ReloadAssembly
Registering precompiled unity dll's ...
Register platform support module: C:/Program Files/Unity/Hub/Editor/2020.3.10f1/Editor/Data/PlaybackEngines/WindowsStandaloneSupport/UnityEditor.WindowsStandalone.Extensions.dll
Registered in 0.001929 seconds.
Native extension for WindowsStandalone target not found
Refreshing native plugins compatible for Editor in 24.12 ms, found 2 plugins.
Preloading 0 native plugins for Editor in 0.00 ms.
Mono: successfully reloaded assembly
- Completed reload, in  1.137 seconds
Platform modules already initialized, skipping
Registering precompiled user dll's ...
Registered in 0.004557 seconds.
Begin MonoManager ReloadAssembly
Native extension for WindowsStandalone target not found
Refreshing native plugins compatible for Editor in 0.29 ms, found 2 plugins.
Preloading 0 native plugins for Editor in 0.00 ms.
Mono: successfully reloaded assembly
- Completed reload, in  0.950 seconds
Platform modules already initialized, skipping
========================================================================
Worker process is ready to serve import requests
Launched and connected shader compiler UnityShaderCompiler.exe after 0.05 seconds
Refreshing native plugins compatible for Editor in 0.33 ms, found 2 plugins.
Preloading 0 native plugins for Editor in 0.00 ms.
Unloading 1392 Unused Serialized files (Serialized files now loaded: 0)
System memory in use before: 80.8 MB.
System memory in use after: 80.9 MB.

Unloading 18 unused Assets to reduce memory usage. Loaded Objects now: 1846.
Total: 1.899600 ms (FindLiveObjects: 0.157900 ms CreateObjectMapping: 0.047800 ms MarkObjects: 1.593700 ms  DeleteObjects: 0.099100 ms)

========================================================================
Received Import Request.
  path: Assets/04.Images
  artifactKey: Guid(3b985a32dd93f684aa4ebf401c33e4d3) Importer(815301076,1909f56bfc062723c751e8b465ee728b)
Start importing Assets/04.Images using Guid(3b985a32dd93f684aa4ebf401c33e4d3) Importer(815301076,1909f56bfc062723c751e8b465ee728b)  -> (artifact id: '20766927fc66e3453a16c003cdb306cd') in 0.009177 seconds
  Import took 0.011486 seconds .

========================================================================
Received Import Request.
  Time since last request: 26.689570 seconds.
  path: Assets/03.Prefabs/Bullet.prefab
  artifactKey: Guid(0960affa3596bd3429207ee989d0d8d2) Importer(815301076,1909f56bfc062723c751e8b465ee728b)
Start importing Assets/03.Prefabs/Bullet.prefab using Guid(0960affa3596bd3429207ee989d0d8d2) Importer(815301076,1909f56bfc062723c751e8b465ee728b)  -> (artifact id: '507f98d747be6ebe471422395e0dcbe9') in 0.120763 seconds
  Import took 0.123534 seconds .

========================================================================
Received Import Request.
  Time since last request: 35.902156 seconds.
  path: Assets/04.Images/Trail.png
  artifactKey: Guid(c2a143094857f704882682faab835947) Importer(815301076,1909f56bfc062723c751e8b465ee728b)
Start importing Assets/04.Images/Trail.png using Guid(c2a143094857f704882682faab835947) Importer(815301076,1909f56bfc062723c751e8b465ee728b)  -> (artifact id: 'e6b45baced2bd18fd6757b469f047282') in 0.054696 seconds
  Import took 0.057460 seconds .

========================================================================
Received Import Request.
  Time since last request: 80.598494 seconds.
  path: Assets/04.Images/Materials
  artifactKey: Guid(43aa2cac813c26d48b5f679deae6fe5f) Importer(815301076,1909f56bfc062723c751e8b465ee728b)
Start importing Assets/04.Images/Materials using Guid(43aa2cac813c26d48b5f679deae6fe5f) Importer(815301076,1909f56bfc062723c751e8b465ee728b)  -> (artifact id: '4c9878b50d0ab03fe4440cc041c2dafc') in 0.011401 seconds
  Import took 0.015633 seconds .

========================================================================
Received Import Request.
  Time since last request: 207.223117 seconds.
  path: Assets/03.Prefabs/Bullet.prefab
  artifactKey: Guid(0960affa3596bd3429207ee989d0d8d2) Importer(815301076,1909f56bfc062723c751e8b465ee728b)
Start importing Assets/03.Prefabs/Bullet.prefab using Guid(0960affa3596bd3429207ee989d0d8d2) Importer(815301076,1909f56bfc062723c751e8b465ee728b)  -> (artifact id: '6363cd49f9040d32fc8b3ee66382a408') in 0.028099 seconds
  Import took 0.031457 seconds .

========================================================================
Received Import Request.
  Time since last request: 0.003538 seconds.
  path: Assets/03.Prefabs/Bullet.prefab
  artifactKey: Guid(0960affa3596bd3429207ee989d0d8d2) Importer(815301076,1909f56bfc062723c751e8b465ee728b)
Start importing Assets/03.Prefabs/Bullet.prefab using Guid(0960affa3596bd3429207ee989d0d8d2) Importer(815301076,1909f56bfc062723c751e8b465ee728b)  -> (artifact id: '6363cd49f9040d32fc8b3ee66382a408') in 0.016748 seconds
  Import took 0.019894 seconds .

========================================================================
Received Prepare
Registering precompiled user dll's ...
Registered in 0.004954 seconds.
Begin MonoManager ReloadAssembly
Native extension for WindowsStandalone target not found
Refreshing native plugins compatible for Editor in 0.33 ms, found 2 plugins.
Preloading 0 native plugins for Editor in 0.00 ms.
Mono: successfully reloaded assembly
- Completed reload, in  1.360 seconds
Platform modules already initialized, skipping
Refreshing native plugins compatible for Editor in 0.30 ms, found 2 plugins.
Preloading 0 native plugins for Editor in 0.00 ms.
Unloading 1387 Unused Serialized files (Serialized files now loaded: 0)
System memory in use before: 83.9 MB.
System memory in use after: 84.0 MB.

Unloading 13 unused Assets to reduce memory usage. Loaded Objects now: 1858.
Total: 5.845500 ms (FindLiveObjects: 0.137800 ms CreateObjectMapping: 0.038700 ms MarkObjects: 5.644700 ms  DeleteObjects: 0.023000 ms)

========================================================================
Received Prepare
Registering precompiled user dll's ...
Registered in 0.007620 seconds.
Begin MonoManager ReloadAssembly
Native extension for WindowsStandalone target not found
Refreshing native plugins compatible for Editor in 0.46 ms, found 2 plugins.
Preloading 0 native plugins for Editor in 0.00 ms.
Mono: successfully reloaded assembly
- Completed reload, in  1.194 seconds
Platform modules already initialized, skipping
Refreshing native plugins compatible for Editor in 0.33 ms, found 2 plugins.
Preloading 0 native plugins for Editor in 0.00 ms.
Unloading 1398 Unused Serialized files (Serialized files now loaded: 0)
System memory in use before: 84.7 MB.
System memory in use after: 84.5 MB.

Unloading 15 unused Assets to reduce memory usage. Loaded Objects now: 1870.
Total: 2.696200 ms (FindLiveObjects: 0.183500 ms CreateObjectMapping: 0.051200 ms MarkObjects: 2.167300 ms  DeleteObjects: 0.292700 ms)

========================================================================
Received Import Request.
  Time since last request: 711.700118 seconds.
  path: Assets/EffectExamples/Blood
  artifactKey: Guid(96a4fd4c27ed4214f905c521891b2c87) Importer(815301076,1909f56bfc062723c751e8b465ee728b)
Start importing Assets/EffectExamples/Blood using Guid(96a4fd4c27ed4214f905c521891b2c87) Importer(815301076,1909f56bfc062723c751e8b465ee728b)  -> (artifact id: '392cf74ce64391c7e2512c5ff6893371') in 0.011218 seconds
  Import took 0.013864 seconds .

========================================================================
Received Import Request.
  Time since last request: 0.000718 seconds.
  path: Assets/EffectExamples/Blood
  artifactKey: Guid(96a4fd4c27ed4214f905c521891b2c87) Importer(815301076,1909f56bfc062723c751e8b465ee728b)
Start importing Assets/EffectExamples/Blood using Guid(96a4fd4c27ed4214f905c521891b2c87) Importer(815301076,1909f56bfc062723c751e8b465ee728b)  -> (artifact id: '392cf74ce64391c7e2512c5ff6893371') in 0.008094 seconds
  Import took 0.011638 seconds .

========================================================================
Received Import Request.
  Time since last request: 2.555833 seconds.
  path: Assets/EffectExamples/Scenes
  artifactKey: Guid(6e2175e19ead3b341ad1be4afbe9075a) Importer(815301076,1909f56bfc062723c751e8b465ee728b)
Start importing Assets/EffectExamples/Scenes using Guid(6e2175e19ead3b341ad1be4afbe9075a) Importer(815301076,1909f56bfc062723c751e8b465ee728b)  -> (artifact id: 'e641d702877a6375d6cd17b5e42457c6') in 0.013685 seconds
  Import took 0.016198 seconds .

========================================================================
Received Import Request.
  Time since last request: 2.975956 seconds.
  path: Assets/EffectExamples/Scenes/Menu.unity
  artifactKey: Guid(01dc19837bbb44ce6a53695fcbb60de3) Importer(815301076,1909f56bfc062723c751e8b465ee728b)
Start importing Assets/EffectExamples/Scenes/Menu.unity using Guid(01dc19837bbb44ce6a53695fcbb60de3) Importer(815301076,1909f56bfc062723c751e8b465ee728b)  -> (artifact id: '7d5398d5b41a4ace85c3d5ff5b33dc3b') in 0.021080 seconds
  Import took 0.023526 seconds .

========================================================================
Received Import Request.
  Time since last request: 1.713067 seconds.
  path: Assets/EffectExamples/Scenes/Menu
  artifactKey: Guid(b5de108a9fe723f48a4771092550f82d) Importer(815301076,1909f56bfc062723c751e8b465ee728b)
Start importing Assets/EffectExamples/Scenes/Menu using Guid(b5de108a9fe723f48a4771092550f82d) Importer(815301076,1909f56bfc062723c751e8b465ee728b)  -> (artifact id: '84377f47b76c7b2da8e2a19f4e141f52') in 0.011896 seconds
  Import took 0.015110 seconds .

========================================================================
Received Import Request.
  Time since last request: 3.775406 seconds.
  path: Assets/EffectExamples/Blood/Materials
  artifactKey: Guid(996067857906b154bafb811f7ddfbe86) Importer(815301076,1909f56bfc062723c751e8b465ee728b)
Start importing Assets/EffectExamples/Blood/Materials using Guid(996067857906b154bafb811f7ddfbe86) Importer(815301076,1909f56bfc062723c751e8b465ee728b)  -> (artifact id: '71dccba984a5f0487cb373b294bf6630') in 0.011607 seconds
  Import took 0.014555 seconds .

========================================================================
Received Prepare
Registering precompiled user dll's ...
Registered in 0.026418 seconds.
Begin MonoManager ReloadAssembly
Native extension for WindowsStandalone target not found
Refreshing native plugins compatible for Editor in 0.35 ms, found 2 plugins.
Preloading 0 native plugins for Editor in 0.00 ms.
[ScriptCompilation] NOT recompiling all scripts because this is an import worker process. Reason to compile was: Define symbols changed
Mono: successfully reloaded assembly
- Completed reload, in  1.010 seconds
Platform modules already initialized, skipping
Refreshing native plugins compatible for Editor in 0.38 ms, found 2 plugins.
Preloading 0 native plugins for Editor in 0.00 ms.
Unloading 1522 Unused Serialized files (Serialized files now loaded: 0)
System memory in use before: 93.4 MB.
System memory in use after: 91.2 MB.

Unloading 42 unused Assets to reduce memory usage. Loaded Objects now: 1970.
Total: 5.510800 ms (FindLiveObjects: 0.140200 ms CreateObjectMapping: 0.043000 ms MarkObjects: 2.083700 ms  DeleteObjects: 3.243100 ms)

========================================================================
Received Prepare
Registering precompiled user dll's ...
Registered in 0.004213 seconds.
Begin MonoManager ReloadAssembly
Native extension for WindowsStandalone target not found
Refreshing native plugins compatible for Editor in 0.52 ms, found 2 plugins.
Preloading 0 native plugins for Editor in 0.00 ms.
Mono: successfully reloaded assembly
- Completed reload, in  0.995 seconds
Platform modules already initialized, skipping
Refreshing native plugins compatible for Editor in 0.39 ms, found 2 plugins.
Preloading 0 native plugins for Editor in 0.00 ms.
Unloading 1522 Unused Serialized files (Serialized files now loaded: 0)
System memory in use before: 93.4 MB.
System memory in use after: 91.2 MB.

Unloading 42 unused Assets to reduce memory usage. Loaded Objects now: 1973.
Total: 3.024900 ms (FindLiveObjects: 0.139800 ms CreateObjectMapping: 0.042300 ms MarkObjects: 1.993600 ms  DeleteObjects: 0.848200 ms)

========================================================================
Received Import Request.
  Time since last request: 2034.636913 seconds.
  path: Assets/03.Prefabs/EffectExamples/WeaponEffects
  artifactKey: Guid(a693b7e7a750f4142beaa792c5791927) Importer(815301076,1909f56bfc062723c751e8b465ee728b)
Start importing Assets/03.Prefabs/EffectExamples/WeaponEffects using Guid(a693b7e7a750f4142beaa792c5791927) Importer(815301076,1909f56bfc062723c751e8b465ee728b)  -> (artifact id: '62dd91c7306d85f9c26aa0c2990a1c5d') in 0.015305 seconds
  Import took 0.018973 seconds .

========================================================================
Received Import Request.
  Time since last request: 14.444622 seconds.
  path: Assets/03.Prefabs/EffectExamples/WeaponEffects/Prefabs
  artifactKey: Guid(66b2958180b2bf2499ff4c4b6a684d80) Importer(815301076,1909f56bfc062723c751e8b465ee728b)
Start importing Assets/03.Prefabs/EffectExamples/WeaponEffects/Prefabs using Guid(66b2958180b2bf2499ff4c4b6a684d80) Importer(815301076,1909f56bfc062723c751e8b465ee728b)  -> (artifact id: 'c29af9ab287799e3fb4212c8a1b8dcb3') in 0.015028 seconds
  Import took 0.017848 seconds .

========================================================================
Received Import Request.
  Time since last request: 22.469362 seconds.
  path: Assets/03.Prefabs/EffectExamples/WeaponEffects/Prefabs/CartridgeEjectEffect.prefab
  artifactKey: Guid(7ca96822084510147adb2aea03d45e3b) Importer(815301076,1909f56bfc062723c751e8b465ee728b)
Start importing Assets/03.Prefabs/EffectExamples/WeaponEffects/Prefabs/CartridgeEjectEffect.prefab using Guid(7ca96822084510147adb2aea03d45e3b) Importer(815301076,1909f56bfc062723c751e8b465ee728b)  -> (artifact id: '37e848ebd7370ac5dfbc3a364e8a7256') in 0.043040 seconds
  Import took 0.046059 seconds .

========================================================================
Received Import Request.
  Time since last request: 0.061278 seconds.
  path: Assets/03.Prefabs/EffectExamples/WeaponEffects/Prefabs/CartridgeEjectEffect.prefab
  artifactKey: Guid(7ca96822084510147adb2aea03d45e3b) Importer(815301076,1909f56bfc062723c751e8b465ee728b)
Start importing Assets/03.Prefabs/EffectExamples/WeaponEffects/Prefabs/CartridgeEjectEffect.prefab using Guid(7ca96822084510147adb2aea03d45e3b) Importer(815301076,1909f56bfc062723c751e8b465ee728b)  -> (artifact id: '37e848ebd7370ac5dfbc3a364e8a7256') in 0.015599 seconds
  Import took 0.018710 seconds .

========================================================================
Received Import Request.
  Time since last request: 0.034638 seconds.
  path: Assets/03.Prefabs/EffectExamples/WeaponEffects/Models/ShellCasing.FBX
  artifactKey: Guid(39af8eb310699cb4dac88a1ce9577c85) Importer(815301076,1909f56bfc062723c751e8b465ee728b)
Start importing Assets/03.Prefabs/EffectExamples/WeaponEffects/Models/ShellCasing.FBX using Guid(39af8eb310699cb4dac88a1ce9577c85) Importer(815301076,1909f56bfc062723c751e8b465ee728b)  -> (artifact id: 'bb46791b2c642da95144f715c1b513c4') in 0.121083 seconds
  Import took 0.123869 seconds .

========================================================================
Received Import Request.
  Time since last request: 294.862415 seconds.
  path: Assets/02.Scripts/FireCtrl.cs
  artifactKey: Guid(aaabbd6c5454efb4fbb8c63408f49b72) Importer(815301076,1909f56bfc062723c751e8b465ee728b)
Start importing Assets/02.Scripts/FireCtrl.cs using Guid(aaabbd6c5454efb4fbb8c63408f49b72) Importer(815301076,1909f56bfc062723c751e8b465ee728b)  -> (artifact id: 'bdb7cab58982fe3c1e6f2bfd9cd30a3f') in 0.016191 seconds
  Import took 0.019483 seconds .

========================================================================
Received Import Request.
  Time since last request: 0.002395 seconds.
  path: Assets/02.Scripts/FireCtrl.cs
  artifactKey: Guid(aaabbd6c5454efb4fbb8c63408f49b72) Importer(815301076,1909f56bfc062723c751e8b465ee728b)
Start importing Assets/02.Scripts/FireCtrl.cs using Guid(aaabbd6c5454efb4fbb8c63408f49b72) Importer(815301076,1909f56bfc062723c751e8b465ee728b)  -> (artifact id: 'bdb7cab58982fe3c1e6f2bfd9cd30a3f') in 0.011585 seconds
  Import took 0.014712 seconds .

========================================================================
Received Prepare
Registering precompiled user dll's ...
Registered in 0.008730 seconds.
Begin MonoManager ReloadAssembly
Native extension for WindowsStandalone target not found
Refreshing native plugins compatible for Editor in 0.35 ms, found 2 plugins.
Preloading 0 native plugins for Editor in 0.00 ms.
Mono: successfully reloaded assembly
- Completed reload, in  0.967 seconds
Platform modules already initialized, skipping
Refreshing native plugins compatible for Editor in 0.35 ms, found 2 plugins.
Preloading 0 native plugins for Editor in 0.00 ms.
Unloading 1522 Unused Serialized files (Serialized files now loaded: 0)
System memory in use before: 93.6 MB.
System memory in use after: 91.4 MB.

Unloading 42 unused Assets to reduce memory usage. Loaded Objects now: 1980.
Total: 3.426900 ms (FindLiveObjects: 0.147800 ms CreateObjectMapping: 0.047200 ms MarkObjects: 2.385000 ms  DeleteObjects: 0.845700 ms)

========================================================================
Received Import Request.
  Time since last request: 257.631640 seconds.
  path: Assets/02.Scripts/FireCtrl.cs
  artifactKey: Guid(aaabbd6c5454efb4fbb8c63408f49b72) Importer(815301076,1909f56bfc062723c751e8b465ee728b)
Start importing Assets/02.Scripts/FireCtrl.cs using Guid(aaabbd6c5454efb4fbb8c63408f49b72) Importer(815301076,1909f56bfc062723c751e8b465ee728b)  -> (artifact id: '9fa6cfe57d64a114a6700732b8a34deb') in 0.008977 seconds
  Import took 0.011427 seconds .

========================================================================
Received Prepare
Registering precompiled user dll's ...
Registered in 0.004266 seconds.
Begin MonoManager ReloadAssembly
Native extension for WindowsStandalone target not found
Refreshing native plugins compatible for Editor in 0.35 ms, found 2 plugins.
Preloading 0 native plugins for Editor in 0.00 ms.
Mono: successfully reloaded assembly
- Completed reload, in  0.988 seconds
Platform modules already initialized, skipping
Refreshing native plugins compatible for Editor in 0.36 ms, found 2 plugins.
Preloading 0 native plugins for Editor in 0.00 ms.
Unloading 1522 Unused Serialized files (Serialized files now loaded: 0)
System memory in use before: 93.6 MB.
System memory in use after: 91.4 MB.

Unloading 42 unused Assets to reduce memory usage. Loaded Objects now: 1983.
Total: 3.247200 ms (FindLiveObjects: 0.355200 ms CreateObjectMapping: 0.068400 ms MarkObjects: 1.935700 ms  DeleteObjects: 0.886800 ms)

========================================================================
Received Import Request.
  Time since last request: 712.992942 seconds.
  path: Assets/03.Prefabs/EffectExamples/WeaponEffects/Prefabs/MuzzleFlashEffect.prefab
  artifactKey: Guid(9defeac88977c0d448aa4541073ee9e4) Importer(815301076,1909f56bfc062723c751e8b465ee728b)
Start importing Assets/03.Prefabs/EffectExamples/WeaponEffects/Prefabs/MuzzleFlashEffect.prefab using Guid(9defeac88977c0d448aa4541073ee9e4) Importer(815301076,1909f56bfc062723c751e8b465ee728b)  -> (artifact id: '32e3d744584267e9d903fc5b8e5a569d') in 0.043254 seconds
  Import took 0.047866 seconds .

========================================================================
Received Import Request.
  Time since last request: 0.022615 seconds.
  path: Assets/03.Prefabs/EffectExamples/WeaponEffects/Prefabs/MuzzleFlashEffect.prefab
  artifactKey: Guid(9defeac88977c0d448aa4541073ee9e4) Importer(815301076,1909f56bfc062723c751e8b465ee728b)
Start importing Assets/03.Prefabs/EffectExamples/WeaponEffects/Prefabs/MuzzleFlashEffect.prefab using Guid(9defeac88977c0d448aa4541073ee9e4) Importer(815301076,1909f56bfc062723c751e8b465ee728b)  -> (artifact id: '32e3d744584267e9d903fc5b8e5a569d') in 0.016664 seconds
  Import took 0.020203 seconds .

========================================================================
Received Import Request.
  Time since last request: 0.001798 seconds.
  path: Assets/03.Prefabs/EffectExamples/WeaponEffects/Materials/MuzzleFlashParticle.mat
  artifactKey: Guid(527027c8baf2f0540be3104a3ec38a99) Importer(815301076,1909f56bfc062723c751e8b465ee728b)
Start importing Assets/03.Prefabs/EffectExamples/WeaponEffects/Materials/MuzzleFlashParticle.mat using Guid(527027c8baf2f0540be3104a3ec38a99) Importer(815301076,1909f56bfc062723c751e8b465ee728b)  -> (artifact id: '1394a6e2d2eb8773c4cc64c2b2417c33') in 0.116801 seconds
  Import took 0.120052 seconds .

========================================================================
Received Import Request.
  Time since last request: 125.350461 seconds.
  path: Assets/03.Prefabs
  artifactKey: Guid(6687ebd951fd9244785f3e74eec861b7) Importer(815301076,1909f56bfc062723c751e8b465ee728b)
Start importing Assets/03.Prefabs using Guid(6687ebd951fd9244785f3e74eec861b7) Importer(815301076,1909f56bfc062723c751e8b465ee728b)  -> (artifact id: 'b4cfccefb9703ba6b825b04ccc2f6e5f') in 0.021638 seconds
  Import took 0.024201 seconds .

========================================================================
Received Prepare
Registering precompiled user dll's ...
Registered in 0.006680 seconds.
Begin MonoManager ReloadAssembly
Native extension for WindowsStandalone target not found
Refreshing native plugins compatible for Editor in 0.38 ms, found 2 plugins.
Preloading 0 native plugins for Editor in 0.00 ms.
Mono: successfully reloaded assembly
- Completed reload, in  1.061 seconds
Platform modules already initialized, skipping
Refreshing native plugins compatible for Editor in 0.36 ms, found 2 plugins.
Preloading 0 native plugins for Editor in 0.00 ms.
Unloading 1522 Unused Serialized files (Serialized files now loaded: 0)
System memory in use before: 93.8 MB.
System memory in use after: 91.6 MB.

Unloading 42 unused Assets to reduce memory usage. Loaded Objects now: 2021.
Total: 3.227200 ms (FindLiveObjects: 0.145700 ms CreateObjectMapping: 0.044600 ms MarkObjects: 2.149500 ms  DeleteObjects: 0.886300 ms)

========================================================================
Received Import Request.
  Time since last request: 51.106884 seconds.
  path: Assets/02.Scripts/FireCtrl.cs
  artifactKey: Guid(aaabbd6c5454efb4fbb8c63408f49b72) Importer(815301076,1909f56bfc062723c751e8b465ee728b)
Start importing Assets/02.Scripts/FireCtrl.cs using Guid(aaabbd6c5454efb4fbb8c63408f49b72) Importer(815301076,1909f56bfc062723c751e8b465ee728b)  -> (artifact id: '52fae2980a483b632ef9d4a74fff7422') in 0.009661 seconds
  Import took 0.012020 seconds .

========================================================================
Received Prepare
Registering precompiled user dll's ...
Registered in 0.007669 seconds.
Begin MonoManager ReloadAssembly
Native extension for WindowsStandalone target not found
Refreshing native plugins compatible for Editor in 0.41 ms, found 2 plugins.
Preloading 0 native plugins for Editor in 0.00 ms.
Mono: successfully reloaded assembly
- Completed reload, in  1.099 seconds
Platform modules already initialized, skipping
Refreshing native plugins compatible for Editor in 0.36 ms, found 2 plugins.
Preloading 0 native plugins for Editor in 0.00 ms.
Unloading 1522 Unused Serialized files (Serialized files now loaded: 0)
System memory in use before: 93.8 MB.
System memory in use after: 91.6 MB.

Unloading 42 unused Assets to reduce memory usage. Loaded Objects now: 2024.
Total: 3.096000 ms (FindLiveObjects: 0.237800 ms CreateObjectMapping: 0.049500 ms MarkObjects: 1.932600 ms  DeleteObjects: 0.875000 ms)

========================================================================
Received Prepare
Registering precompiled user dll's ...
Registered in 0.004093 seconds.
Begin MonoManager ReloadAssembly
Native extension for WindowsStandalone target not found
Refreshing native plugins compatible for Editor in 0.37 ms, found 2 plugins.
Preloading 0 native plugins for Editor in 0.00 ms.
Mono: successfully reloaded assembly
- Completed reload, in  1.037 seconds
Platform modules already initialized, skipping
Refreshing native plugins compatible for Editor in 0.52 ms, found 2 plugins.
Preloading 0 native plugins for Editor in 0.00 ms.
Unloading 1522 Unused Serialized files (Serialized files now loaded: 0)
System memory in use before: 93.8 MB.
System memory in use after: 91.6 MB.

Unloading 42 unused Assets to reduce memory usage. Loaded Objects now: 2027.
Total: 4.186800 ms (FindLiveObjects: 0.151800 ms CreateObjectMapping: 0.047300 ms MarkObjects: 2.348100 ms  DeleteObjects: 1.638700 ms)

========================================================================
Received Prepare
Registering precompiled user dll's ...
Registered in 0.005255 seconds.
Begin MonoManager ReloadAssembly
Native extension for WindowsStandalone target not found
Refreshing native plugins compatible for Editor in 0.35 ms, found 2 plugins.
Preloading 0 native plugins for Editor in 0.00 ms.
Mono: successfully reloaded assembly
- Completed reload, in  1.018 seconds
Platform modules already initialized, skipping
Refreshing native plugins compatible for Editor in 0.36 ms, found 2 plugins.
Preloading 0 native plugins for Editor in 0.00 ms.
Unloading 1522 Unused Serialized files (Serialized files now loaded: 0)
System memory in use before: 93.9 MB.
System memory in use after: 91.6 MB.

Unloading 42 unused Assets to reduce memory usage. Loaded Objects now: 2030.
Total: 2.816100 ms (FindLiveObjects: 0.151000 ms CreateObjectMapping: 0.060900 ms MarkObjects: 1.727200 ms  DeleteObjects: 0.876200 ms)

========================================================================
Received Import Request.
  Time since last request: 1852.829630 seconds.
  path: Assets/03.Prefabs/EffectExamples/WeaponEffects/Prefabs/BulletImpactMetalEffect.prefab
  artifactKey: Guid(02a509a7fa70ed740ba4197e20c5d32d) Importer(815301076,1909f56bfc062723c751e8b465ee728b)
Start importing Assets/03.Prefabs/EffectExamples/WeaponEffects/Prefabs/BulletImpactMetalEffect.prefab using Guid(02a509a7fa70ed740ba4197e20c5d32d) Importer(815301076,1909f56bfc062723c751e8b465ee728b)  -> (artifact id: 'bb58cef2faef05242c68c5cac78a5ede') in 0.689319 seconds
  Import took 0.694304 seconds .

========================================================================
Received Prepare
Registering precompiled user dll's ...
Registered in 0.006440 seconds.
Begin MonoManager ReloadAssembly
Native extension for WindowsStandalone target not found
Refreshing native plugins compatible for Editor in 0.35 ms, found 2 plugins.
Preloading 0 native plugins for Editor in 0.00 ms.
Mono: successfully reloaded assembly
- Completed reload, in  0.999 seconds
Platform modules already initialized, skipping
Refreshing native plugins compatible for Editor in 0.35 ms, found 2 plugins.
Preloading 0 native plugins for Editor in 0.00 ms.
Unloading 1522 Unused Serialized files (Serialized files now loaded: 0)
System memory in use before: 94.3 MB.
System memory in use after: 92.1 MB.

Unloading 42 unused Assets to reduce memory usage. Loaded Objects now: 2036.
Total: 3.147500 ms (FindLiveObjects: 0.150400 ms CreateObjectMapping: 0.044700 ms MarkObjects: 2.094000 ms  DeleteObjects: 0.857700 ms)

========================================================================
Received Prepare
Registering precompiled user dll's ...
Registered in 0.005933 seconds.
Begin MonoManager ReloadAssembly
Native extension for WindowsStandalone target not found
Refreshing native plugins compatible for Editor in 0.35 ms, found 2 plugins.
Preloading 0 native plugins for Editor in 0.00 ms.
Mono: successfully reloaded assembly
- Completed reload, in  0.999 seconds
Platform modules already initialized, skipping
Refreshing native plugins compatible for Editor in 0.39 ms, found 2 plugins.
Preloading 0 native plugins for Editor in 0.00 ms.
Unloading 1522 Unused Serialized files (Serialized files now loaded: 0)
System memory in use before: 94.3 MB.
System memory in use after: 92.1 MB.

Unloading 42 unused Assets to reduce memory usage. Loaded Objects now: 2039.
Total: 3.149600 ms (FindLiveObjects: 0.161000 ms CreateObjectMapping: 0.044200 ms MarkObjects: 2.068600 ms  DeleteObjects: 0.874800 ms)

========================================================================
Received Prepare
Registering precompiled user dll's ...
Registered in 0.004182 seconds.
Begin MonoManager ReloadAssembly
Native extension for WindowsStandalone target not found
Refreshing native plugins compatible for Editor in 0.35 ms, found 2 plugins.
Preloading 0 native plugins for Editor in 0.00 ms.
Mono: successfully reloaded assembly
- Completed reload, in  1.010 seconds
Platform modules already initialized, skipping
Refreshing native plugins compatible for Editor in 0.35 ms, found 2 plugins.
Preloading 0 native plugins for Editor in 0.00 ms.
Unloading 1522 Unused Serialized files (Serialized files now loaded: 0)
System memory in use before: 94.3 MB.
System memory in use after: 92.1 MB.

Unloading 42 unused Assets to reduce memory usage. Loaded Objects now: 2042.
Total: 3.529500 ms (FindLiveObjects: 0.147600 ms CreateObjectMapping: 0.045100 ms MarkObjects: 1.824600 ms  DeleteObjects: 1.511500 ms)

========================================================================
Received Import Request.
  Time since last request: 4350.101969 seconds.
  path: Assets/03.Prefabs/EffectExamples/WeaponEffects/Materials/DustPuffParticle.mat
  artifactKey: Guid(1402721190994cd46b64bf7cba78f5d8) Importer(815301076,1909f56bfc062723c751e8b465ee728b)
Start importing Assets/03.Prefabs/EffectExamples/WeaponEffects/Materials/DustPuffParticle.mat using Guid(1402721190994cd46b64bf7cba78f5d8) Importer(815301076,1909f56bfc062723c751e8b465ee728b)  -> (artifact id: '824d5076f944fd1ede920fbc43d12646') in 0.137519 seconds
  Import took 0.141343 seconds .

========================================================================
Received Import Request.
  Time since last request: 84.828916 seconds.
  path: Assets/05.Models/Barrel/barrel_lowpoly.fbx
  artifactKey: Guid(0cb3a092ec94c2741979790357cabba3) Importer(815301076,1909f56bfc062723c751e8b465ee728b)
Start importing Assets/05.Models/Barrel/barrel_lowpoly.fbx using Guid(0cb3a092ec94c2741979790357cabba3) Importer(815301076,1909f56bfc062723c751e8b465ee728b)  -> (artifact id: 'bf7680069ca003f5ef94ebbbcf949b08') in 0.102355 seconds
  Import took 0.105106 seconds .

========================================================================
Received Import Request.
  Time since last request: 1.348204 seconds.
  path: Assets/05.Models/Barrel/barrel_lowpoly_damaged_A.fbx
  artifactKey: Guid(c34c879db77af964a8432a2abd2fd308) Importer(815301076,1909f56bfc062723c751e8b465ee728b)
Start importing Assets/05.Models/Barrel/barrel_lowpoly_damaged_A.fbx using Guid(c34c879db77af964a8432a2abd2fd308) Importer(815301076,1909f56bfc062723c751e8b465ee728b)  -> (artifact id: '2936ef56a233f19cd897759f13eba1e6') in 0.047498 seconds
  Import took 0.050221 seconds .

========================================================================
Received Import Request.
  Time since last request: 1.052966 seconds.
  path: Assets/05.Models/Barrel/barrel_lowpoly_damaged_B.fbx
  artifactKey: Guid(9e203064fefcc294794ee363a2b1c4ba) Importer(815301076,1909f56bfc062723c751e8b465ee728b)
Start importing Assets/05.Models/Barrel/barrel_lowpoly_damaged_B.fbx using Guid(9e203064fefcc294794ee363a2b1c4ba) Importer(815301076,1909f56bfc062723c751e8b465ee728b)  -> (artifact id: 'c895577fa16294371adf230ce90f7bdb') in 0.041969 seconds
  Import took 0.044621 seconds .

========================================================================
Received Import Request.
  Time since last request: 161.466857 seconds.
  path: Assets/05.Models/Barrel/barrel_lowpoly.fbx
  artifactKey: Guid(0cb3a092ec94c2741979790357cabba3) Importer(815301076,1909f56bfc062723c751e8b465ee728b)
Start importing Assets/05.Models/Barrel/barrel_lowpoly.fbx using Guid(0cb3a092ec94c2741979790357cabba3) Importer(815301076,1909f56bfc062723c751e8b465ee728b)  -> (artifact id: '92aec5f3293c56191f923d082d765d7b') in 0.060799 seconds
  Import took 0.064028 seconds .

========================================================================
Received Prepare
Registering precompiled user dll's ...
Registered in 0.009797 seconds.
Begin MonoManager ReloadAssembly
Native extension for WindowsStandalone target not found
Refreshing native plugins compatible for Editor in 0.43 ms, found 2 plugins.
Preloading 0 native plugins for Editor in 0.00 ms.
Mono: successfully reloaded assembly
- Completed reload, in  1.005 seconds
Platform modules already initialized, skipping
Refreshing native plugins compatible for Editor in 0.42 ms, found 2 plugins.
Preloading 0 native plugins for Editor in 0.00 ms.
Unloading 1522 Unused Serialized files (Serialized files now loaded: 0)
System memory in use before: 94.3 MB.
System memory in use after: 92.1 MB.

Unloading 42 unused Assets to reduce memory usage. Loaded Objects now: 2046.
Total: 2.788300 ms (FindLiveObjects: 0.154800 ms CreateObjectMapping: 0.050300 ms MarkObjects: 1.694500 ms  DeleteObjects: 0.887700 ms)

========================================================================
Received Prepare
Registering precompiled user dll's ...
Registered in 0.004336 seconds.
Begin MonoManager ReloadAssembly
Native extension for WindowsStandalone target not found
Refreshing native plugins compatible for Editor in 0.35 ms, found 2 plugins.
Preloading 0 native plugins for Editor in 0.00 ms.
Mono: successfully reloaded assembly
- Completed reload, in  1.018 seconds
Platform modules already initialized, skipping
Refreshing native plugins compatible for Editor in 0.38 ms, found 2 plugins.
Preloading 0 native plugins for Editor in 0.00 ms.
Unloading 1522 Unused Serialized files (Serialized files now loaded: 0)
System memory in use before: 94.3 MB.
System memory in use after: 92.1 MB.

Unloading 42 unused Assets to reduce memory usage. Loaded Objects now: 2049.
Total: 3.946300 ms (FindLiveObjects: 0.171700 ms CreateObjectMapping: 0.056900 ms MarkObjects: 2.350600 ms  DeleteObjects: 1.365800 ms)

========================================================================
Received Import Request.
  Time since last request: 466.174115 seconds.
  path: Assets/02.Scripts/BarrelCtrl.cs
  artifactKey: Guid(b79df8918b28cb947a1c87dac1315024) Importer(815301076,1909f56bfc062723c751e8b465ee728b)
Start importing Assets/02.Scripts/BarrelCtrl.cs using Guid(b79df8918b28cb947a1c87dac1315024) Importer(815301076,1909f56bfc062723c751e8b465ee728b)  -> (artifact id: 'acef22791d74ccf9a82d3754fd4b47ea') in 0.026932 seconds
  Import took 0.030014 seconds .

========================================================================
Received Import Request.
  Time since last request: 0.002902 seconds.
  path: Assets/02.Scripts/BarrelCtrl.cs
  artifactKey: Guid(b79df8918b28cb947a1c87dac1315024) Importer(815301076,1909f56bfc062723c751e8b465ee728b)
Start importing Assets/02.Scripts/BarrelCtrl.cs using Guid(b79df8918b28cb947a1c87dac1315024) Importer(815301076,1909f56bfc062723c751e8b465ee728b)  -> (artifact id: 'acef22791d74ccf9a82d3754fd4b47ea') in 0.014046 seconds
  Import took 0.016874 seconds .

========================================================================
Received Prepare
Registering precompiled user dll's ...
Registered in 0.004682 seconds.
Begin MonoManager ReloadAssembly
Native extension for WindowsStandalone target not found
Refreshing native plugins compatible for Editor in 0.36 ms, found 2 plugins.
Preloading 0 native plugins for Editor in 0.00 ms.
Mono: successfully reloaded assembly
- Completed reload, in  1.239 seconds
Platform modules already initialized, skipping
Refreshing native plugins compatible for Editor in 0.37 ms, found 2 plugins.
Preloading 0 native plugins for Editor in 0.00 ms.
Unloading 1523 Unused Serialized files (Serialized files now loaded: 0)
System memory in use before: 94.4 MB.
System memory in use after: 92.2 MB.

Unloading 42 unused Assets to reduce memory usage. Loaded Objects now: 2053.
Total: 2.850700 ms (FindLiveObjects: 0.162000 ms CreateObjectMapping: 0.052200 ms MarkObjects: 1.716200 ms  DeleteObjects: 0.919500 ms)

========================================================================
Received Prepare
Registering precompiled user dll's ...
Registered in 0.008814 seconds.
Begin MonoManager ReloadAssembly
Native extension for WindowsStandalone target not found
Refreshing native plugins compatible for Editor in 0.41 ms, found 2 plugins.
Preloading 0 native plugins for Editor in 0.00 ms.
Mono: successfully reloaded assembly
- Completed reload, in  1.143 seconds
Platform modules already initialized, skipping
Refreshing native plugins compatible for Editor in 0.35 ms, found 2 plugins.
Preloading 0 native plugins for Editor in 0.00 ms.
Unloading 1523 Unused Serialized files (Serialized files now loaded: 0)
System memory in use before: 94.4 MB.
System memory in use after: 92.2 MB.

Unloading 42 unused Assets to reduce memory usage. Loaded Objects now: 2056.
Total: 2.750500 ms (FindLiveObjects: 0.153900 ms CreateObjectMapping: 0.048800 ms MarkObjects: 1.659300 ms  DeleteObjects: 0.887600 ms)

========================================================================
Received Import Request.
  Time since last request: 588.811664 seconds.
  path: Assets/02.Scripts/BarrelCtrl.cs
  artifactKey: Guid(b79df8918b28cb947a1c87dac1315024) Importer(815301076,1909f56bfc062723c751e8b465ee728b)
Start importing Assets/02.Scripts/BarrelCtrl.cs using Guid(b79df8918b28cb947a1c87dac1315024) Importer(815301076,1909f56bfc062723c751e8b465ee728b)  -> (artifact id: '64aa505f902315b269ad359b25f86c1b') in 0.017444 seconds
  Import took 0.020286 seconds .

========================================================================
Received Import Request.
  Time since last request: 0.007422 seconds.
  path: Assets/02.Scripts/BarrelCtrl.cs
  artifactKey: Guid(b79df8918b28cb947a1c87dac1315024) Importer(815301076,1909f56bfc062723c751e8b465ee728b)
Start importing Assets/02.Scripts/BarrelCtrl.cs using Guid(b79df8918b28cb947a1c87dac1315024) Importer(815301076,1909f56bfc062723c751e8b465ee728b)  -> (artifact id: '64aa505f902315b269ad359b25f86c1b') in 0.024866 seconds
  Import took 0.028360 seconds .

========================================================================
Received Import Request.
  Time since last request: 56.894269 seconds.
  path: Assets/05.Models/Barrel/Textures/barrel_nuclear_B_albedo.png
  artifactKey: Guid(d2170db6828d61d42b9fc306ed9bff3e) Importer(815301076,1909f56bfc062723c751e8b465ee728b)
Start importing Assets/05.Models/Barrel/Textures/barrel_nuclear_B_albedo.png using Guid(d2170db6828d61d42b9fc306ed9bff3e) Importer(815301076,1909f56bfc062723c751e8b465ee728b)  -> (artifact id: 'b82fbeed22389a41fcc33363d5a3f638') in 0.092692 seconds
  Import took 0.095765 seconds .

========================================================================
Received Import Request.
  Time since last request: 0.000366 seconds.
  path: Assets/05.Models/Barrel/Textures/barrel_old_B_normal.png
  artifactKey: Guid(248d0e6235fa7914190de62fb0aae614) Importer(815301076,1909f56bfc062723c751e8b465ee728b)
Start importing Assets/05.Models/Barrel/Textures/barrel_old_B_normal.png using Guid(248d0e6235fa7914190de62fb0aae614) Importer(815301076,1909f56bfc062723c751e8b465ee728b)  -> (artifact id: '562646e02bda21284e7bac1a5557d714') in 0.048219 seconds
  Import took 0.057125 seconds .

========================================================================
Received Prepare
Registering precompiled user dll's ...
Registered in 0.004575 seconds.
Begin MonoManager ReloadAssembly
Native extension for WindowsStandalone target not found
Refreshing native plugins compatible for Editor in 0.42 ms, found 2 plugins.
Preloading 0 native plugins for Editor in 0.00 ms.
Mono: successfully reloaded assembly
- Completed reload, in  1.683 seconds
Platform modules already initialized, skipping
Refreshing native plugins compatible for Editor in 0.46 ms, found 2 plugins.
Preloading 0 native plugins for Editor in 0.00 ms.
Unloading 1523 Unused Serialized files (Serialized files now loaded: 0)
System memory in use before: 94.4 MB.
System memory in use after: 92.2 MB.

Unloading 42 unused Assets to reduce memory usage. Loaded Objects now: 2061.
Total: 8.048300 ms (FindLiveObjects: 0.245300 ms CreateObjectMapping: 0.067700 ms MarkObjects: 2.212500 ms  DeleteObjects: 5.520400 ms)

========================================================================
Received Prepare
Registering precompiled user dll's ...
Registered in 0.004171 seconds.
Begin MonoManager ReloadAssembly
Native extension for WindowsStandalone target not found
Refreshing native plugins compatible for Editor in 0.44 ms, found 2 plugins.
Preloading 0 native plugins for Editor in 0.00 ms.
Mono: successfully reloaded assembly
- Completed reload, in  0.997 seconds
Platform modules already initialized, skipping
Refreshing native plugins compatible for Editor in 0.36 ms, found 2 plugins.
Preloading 0 native plugins for Editor in 0.00 ms.
Unloading 1523 Unused Serialized files (Serialized files now loaded: 0)
System memory in use before: 94.4 MB.
System memory in use after: 92.2 MB.

Unloading 42 unused Assets to reduce memory usage. Loaded Objects now: 2064.
Total: 2.865000 ms (FindLiveObjects: 0.168600 ms CreateObjectMapping: 0.051300 ms MarkObjects: 1.736900 ms  DeleteObjects: 0.907200 ms)

========================================================================
Received Prepare
Registering precompiled user dll's ...
Registered in 0.004694 seconds.
Begin MonoManager ReloadAssembly
Native extension for WindowsStandalone target not found
Refreshing native plugins compatible for Editor in 0.35 ms, found 2 plugins.
Preloading 0 native plugins for Editor in 0.00 ms.
Mono: successfully reloaded assembly
- Completed reload, in  1.133 seconds
Platform modules already initialized, skipping
Refreshing native plugins compatible for Editor in 0.35 ms, found 2 plugins.
Preloading 0 native plugins for Editor in 0.00 ms.
Unloading 1523 Unused Serialized files (Serialized files now loaded: 0)
System memory in use before: 94.4 MB.
System memory in use after: 92.2 MB.

Unloading 42 unused Assets to reduce memory usage. Loaded Objects now: 2067.
Total: 3.488600 ms (FindLiveObjects: 0.156400 ms CreateObjectMapping: 0.044800 ms MarkObjects: 1.870600 ms  DeleteObjects: 1.415900 ms)

========================================================================
Received Prepare
Registering precompiled user dll's ...
Registered in 0.007917 seconds.
Begin MonoManager ReloadAssembly
Native extension for WindowsStandalone target not found
Refreshing native plugins compatible for Editor in 0.49 ms, found 2 plugins.
Preloading 0 native plugins for Editor in 0.00 ms.
Mono: successfully reloaded assembly
- Completed reload, in  1.222 seconds
Platform modules already initialized, skipping
Refreshing native plugins compatible for Editor in 0.37 ms, found 2 plugins.
Preloading 0 native plugins for Editor in 0.00 ms.
Unloading 1523 Unused Serialized files (Serialized files now loaded: 0)
System memory in use before: 94.4 MB.
System memory in use after: 92.2 MB.

Unloading 42 unused Assets to reduce memory usage. Loaded Objects now: 2070.
Total: 4.962800 ms (FindLiveObjects: 0.189300 ms CreateObjectMapping: 0.048700 ms MarkObjects: 3.474800 ms  DeleteObjects: 1.248700 ms)

========================================================================
Received Import Request.
  Time since last request: 4826.322868 seconds.
  path: Assets/02.Scripts/BarrelCtrl.cs
  artifactKey: Guid(b79df8918b28cb947a1c87dac1315024) Importer(815301076,1909f56bfc062723c751e8b465ee728b)
Start importing Assets/02.Scripts/BarrelCtrl.cs using Guid(b79df8918b28cb947a1c87dac1315024) Importer(815301076,1909f56bfc062723c751e8b465ee728b)  -> (artifact id: 'f9108a3219da9d16fcce1023b1f0b38a') in 0.015332 seconds
  Import took 0.018050 seconds .

========================================================================
Received Import Request.
  Time since last request: 1.342552 seconds.
  path: Assets/02.Scripts/BarrelCtrl.cs
  artifactKey: Guid(b79df8918b28cb947a1c87dac1315024) Importer(815301076,1909f56bfc062723c751e8b465ee728b)
Start importing Assets/02.Scripts/BarrelCtrl.cs using Guid(b79df8918b28cb947a1c87dac1315024) Importer(815301076,1909f56bfc062723c751e8b465ee728b)  -> (artifact id: 'f9108a3219da9d16fcce1023b1f0b38a') in 0.012710 seconds
  Import took 0.015506 seconds .

========================================================================
Received Prepare
Registering precompiled user dll's ...
Registered in 0.004451 seconds.
Begin MonoManager ReloadAssembly
Native extension for WindowsStandalone target not found
Refreshing native plugins compatible for Editor in 0.35 ms, found 2 plugins.
Preloading 0 native plugins for Editor in 0.00 ms.
Mono: successfully reloaded assembly
- Completed reload, in  0.959 seconds
Platform modules already initialized, skipping
Refreshing native plugins compatible for Editor in 0.60 ms, found 2 plugins.
Preloading 0 native plugins for Editor in 0.00 ms.
Unloading 1523 Unused Serialized files (Serialized files now loaded: 0)
System memory in use before: 94.5 MB.
System memory in use after: 92.2 MB.

Unloading 42 unused Assets to reduce memory usage. Loaded Objects now: 2073.
Total: 3.716600 ms (FindLiveObjects: 0.151000 ms CreateObjectMapping: 0.045500 ms MarkObjects: 1.820800 ms  DeleteObjects: 1.698100 ms)

========================================================================
Received Import Request.
  Time since last request: 87.552593 seconds.
  path: Assets/02.Scripts/FollowCam.cs
  artifactKey: Guid(9f522559834d8a847a1fcb43ffb3c555) Importer(815301076,1909f56bfc062723c751e8b465ee728b)
Start importing Assets/02.Scripts/FollowCam.cs using Guid(9f522559834d8a847a1fcb43ffb3c555) Importer(815301076,1909f56bfc062723c751e8b465ee728b)  -> (artifact id: '75823dba5979bea87245421e9cb8fbbe') in 0.022643 seconds
  Import took 0.025962 seconds .

========================================================================
Received Import Request.
  Time since last request: 1.867605 seconds.
  path: Assets/02.Scripts/RemoveBullet.cs
  artifactKey: Guid(5db69e747cc832346aae4c3848318a7a) Importer(815301076,1909f56bfc062723c751e8b465ee728b)
Start importing Assets/02.Scripts/RemoveBullet.cs using Guid(5db69e747cc832346aae4c3848318a7a) Importer(815301076,1909f56bfc062723c751e8b465ee728b)  -> (artifact id: '2dde7d6d02a877b7d7441023a89e8953') in 0.017934 seconds
  Import took 0.020939 seconds .

========================================================================
Received Import Request.
  Time since last request: 0.001427 seconds.
  path: Assets/02.Scripts/RemoveBullet.cs
  artifactKey: Guid(5db69e747cc832346aae4c3848318a7a) Importer(815301076,1909f56bfc062723c751e8b465ee728b)
Start importing Assets/02.Scripts/RemoveBullet.cs using Guid(5db69e747cc832346aae4c3848318a7a) Importer(815301076,1909f56bfc062723c751e8b465ee728b)  -> (artifact id: '2dde7d6d02a877b7d7441023a89e8953') in 0.013630 seconds
  Import took 0.016974 seconds .

========================================================================
Received Prepare
Registering precompiled user dll's ...
Registered in 0.005498 seconds.
Begin MonoManager ReloadAssembly
Native extension for WindowsStandalone target not found
Refreshing native plugins compatible for Editor in 0.35 ms, found 2 plugins.
Preloading 0 native plugins for Editor in 0.00 ms.
Mono: successfully reloaded assembly
- Completed reload, in  1.057 seconds
Platform modules already initialized, skipping
Refreshing native plugins compatible for Editor in 0.36 ms, found 2 plugins.
Preloading 0 native plugins for Editor in 0.00 ms.
Unloading 1523 Unused Serialized files (Serialized files now loaded: 0)
System memory in use before: 94.5 MB.
System memory in use after: 92.2 MB.

Unloading 42 unused Assets to reduce memory usage. Loaded Objects now: 2076.
Total: 2.994300 ms (FindLiveObjects: 0.177600 ms CreateObjectMapping: 0.050300 ms MarkObjects: 1.854100 ms  DeleteObjects: 0.911200 ms)

========================================================================
Received Import Request.
  Time since last request: 354.009449 seconds.
  path: Assets/02.Scripts/RemoveBullet.cs
  artifactKey: Guid(5db69e747cc832346aae4c3848318a7a) Importer(815301076,1909f56bfc062723c751e8b465ee728b)
Start importing Assets/02.Scripts/RemoveBullet.cs using Guid(5db69e747cc832346aae4c3848318a7a) Importer(815301076,1909f56bfc062723c751e8b465ee728b)  -> (artifact id: 'bee9881be621af204a6dc55057905824') in 0.012816 seconds
  Import took 0.015420 seconds .

========================================================================
Received Import Request.
  Time since last request: 1.743520 seconds.
  path: Assets/02.Scripts/RemoveBullet.cs
  artifactKey: Guid(5db69e747cc832346aae4c3848318a7a) Importer(815301076,1909f56bfc062723c751e8b465ee728b)
Start importing Assets/02.Scripts/RemoveBullet.cs using Guid(5db69e747cc832346aae4c3848318a7a) Importer(815301076,1909f56bfc062723c751e8b465ee728b)  -> (artifact id: 'bee9881be621af204a6dc55057905824') in 0.011315 seconds
  Import took 0.013890 seconds .

========================================================================
Received Prepare
Registering precompiled user dll's ...
Registered in 0.005758 seconds.
Begin MonoManager ReloadAssembly
Native extension for WindowsStandalone target not found
Refreshing native plugins compatible for Editor in 0.58 ms, found 2 plugins.
Preloading 0 native plugins for Editor in 0.00 ms.
Mono: successfully reloaded assembly
- Completed reload, in  1.322 seconds
Platform modules already initialized, skipping
Refreshing native plugins compatible for Editor in 0.64 ms, found 2 plugins.
Preloading 0 native plugins for Editor in 0.00 ms.
Unloading 1523 Unused Serialized files (Serialized files now loaded: 0)
System memory in use before: 94.5 MB.
System memory in use after: 92.2 MB.

Unloading 42 unused Assets to reduce memory usage. Loaded Objects now: 2079.
Total: 3.130100 ms (FindLiveObjects: 0.230900 ms CreateObjectMapping: 0.069000 ms MarkObjects: 1.930400 ms  DeleteObjects: 0.898700 ms)

========================================================================
Received Import Request.
  Time since last request: 163.837440 seconds.
  path: Assets/02.Scripts/RemoveBullet.cs
  artifactKey: Guid(5db69e747cc832346aae4c3848318a7a) Importer(815301076,1909f56bfc062723c751e8b465ee728b)
Start importing Assets/02.Scripts/RemoveBullet.cs using Guid(5db69e747cc832346aae4c3848318a7a) Importer(815301076,1909f56bfc062723c751e8b465ee728b)  -> (artifact id: '46b90f2dfb2d973a014911119bee269b') in 0.009988 seconds
  Import took 0.012696 seconds .

========================================================================
Received Prepare
Registering precompiled user dll's ...
Registered in 0.004309 seconds.
Begin MonoManager ReloadAssembly
Native extension for WindowsStandalone target not found
Refreshing native plugins compatible for Editor in 0.41 ms, found 2 plugins.
Preloading 0 native plugins for Editor in 0.00 ms.
Mono: successfully reloaded assembly
- Completed reload, in  0.977 seconds
Platform modules already initialized, skipping
Refreshing native plugins compatible for Editor in 0.36 ms, found 2 plugins.
Preloading 0 native plugins for Editor in 0.00 ms.
Unloading 1523 Unused Serialized files (Serialized files now loaded: 0)
System memory in use before: 94.5 MB.
System memory in use after: 92.2 MB.

Unloading 42 unused Assets to reduce memory usage. Loaded Objects now: 2082.
Total: 2.867400 ms (FindLiveObjects: 0.164900 ms CreateObjectMapping: 0.048400 ms MarkObjects: 1.745900 ms  DeleteObjects: 0.907300 ms)

========================================================================
Received Prepare
Registering precompiled user dll's ...
Registered in 0.004990 seconds.
Begin MonoManager ReloadAssembly
Native extension for WindowsStandalone target not found
Refreshing native plugins compatible for Editor in 0.38 ms, found 2 plugins.
Preloading 0 native plugins for Editor in 0.00 ms.
Mono: successfully reloaded assembly
- Completed reload, in  1.312 seconds
Platform modules already initialized, skipping
Refreshing native plugins compatible for Editor in 0.41 ms, found 2 plugins.
Preloading 0 native plugins for Editor in 0.00 ms.
Unloading 1523 Unused Serialized files (Serialized files now loaded: 0)
System memory in use before: 94.5 MB.
System memory in use after: 92.3 MB.

Unloading 42 unused Assets to reduce memory usage. Loaded Objects now: 2085.
Total: 3.966600 ms (FindLiveObjects: 0.171700 ms CreateObjectMapping: 0.082900 ms MarkObjects: 2.419100 ms  DeleteObjects: 1.291200 ms)

========================================================================
Received Prepare
Registering precompiled user dll's ...
Registered in 0.008961 seconds.
Begin MonoManager ReloadAssembly
Native extension for WindowsStandalone target not found
Refreshing native plugins compatible for Editor in 0.47 ms, found 2 plugins.
Preloading 0 native plugins for Editor in 0.00 ms.
Mono: successfully reloaded assembly
- Completed reload, in  1.209 seconds
Platform modules already initialized, skipping
Refreshing native plugins compatible for Editor in 0.36 ms, found 2 plugins.
Preloading 0 native plugins for Editor in 0.00 ms.
Unloading 1523 Unused Serialized files (Serialized files now loaded: 0)
System memory in use before: 94.5 MB.
System memory in use after: 92.3 MB.

Unloading 42 unused Assets to reduce memory usage. Loaded Objects now: 2088.
Total: 2.975400 ms (FindLiveObjects: 0.162500 ms CreateObjectMapping: 0.048600 ms MarkObjects: 1.723300 ms  DeleteObjects: 1.040200 ms)

========================================================================
Received Import Request.
  Time since last request: 1252.236529 seconds.
  path: Assets/03.Prefabs/Wall.prefab
  artifactKey: Guid(9c206dcf5f6a97445bce02df376b0094) Importer(815301076,1909f56bfc062723c751e8b465ee728b)
Start importing Assets/03.Prefabs/Wall.prefab using Guid(9c206dcf5f6a97445bce02df376b0094) Importer(815301076,1909f56bfc062723c751e8b465ee728b)  -> (artifact id: 'c8395475b4282587a33e780b2f70aeda') in 0.190762 seconds
  Import took 0.194617 seconds .

========================================================================
Received Import Request.
  Time since last request: 6.313750 seconds.
  path: Assets/03.Prefabs/Bullet.prefab
  artifactKey: Guid(0960affa3596bd3429207ee989d0d8d2) Importer(815301076,1909f56bfc062723c751e8b465ee728b)
Start importing Assets/03.Prefabs/Bullet.prefab using Guid(0960affa3596bd3429207ee989d0d8d2) Importer(815301076,1909f56bfc062723c751e8b465ee728b)  -> (artifact id: '4a2ebc01c8567958616a131e85909a88') in 0.071847 seconds
  Import took 0.074805 seconds .

========================================================================
Received Import Request.
  Time since last request: 1.398928 seconds.
  path: Assets/03.Prefabs/Bullet.prefab
  artifactKey: Guid(0960affa3596bd3429207ee989d0d8d2) Importer(815301076,1909f56bfc062723c751e8b465ee728b)
Start importing Assets/03.Prefabs/Bullet.prefab using Guid(0960affa3596bd3429207ee989d0d8d2) Importer(815301076,1909f56bfc062723c751e8b465ee728b)  -> (artifact id: '7f9c46f34f851289f49af87aca0e607f') in 0.037758 seconds
  Import took 0.040842 seconds .

========================================================================
Received Import Request.
  Time since last request: 1.611623 seconds.
  path: Assets/03.Prefabs/Bullet.prefab
  artifactKey: Guid(0960affa3596bd3429207ee989d0d8d2) Importer(815301076,1909f56bfc062723c751e8b465ee728b)
Start importing Assets/03.Prefabs/Bullet.prefab using Guid(0960affa3596bd3429207ee989d0d8d2) Importer(815301076,1909f56bfc062723c751e8b465ee728b)  -> (artifact id: '868cf012dd53c1598459d6c1f9534ed2') in 0.041616 seconds
  Import took 0.046059 seconds .

========================================================================
Received Import Request.
  Time since last request: 3.216578 seconds.
  path: Assets/03.Prefabs/Barrel.prefab
  artifactKey: Guid(e22e78a1092540144be810e6b0e8f6ee) Importer(815301076,1909f56bfc062723c751e8b465ee728b)
Start importing Assets/03.Prefabs/Barrel.prefab using Guid(e22e78a1092540144be810e6b0e8f6ee) Importer(815301076,1909f56bfc062723c751e8b465ee728b)  -> (artifact id: '3f0fc9dfeb046b3ef697f9a1b22f106f') in 0.091602 seconds
  Import took 0.095832 seconds .

========================================================================
Received Prepare
Registering precompiled user dll's ...
Registered in 0.004717 seconds.
Begin MonoManager ReloadAssembly
Native extension for WindowsStandalone target not found
Refreshing native plugins compatible for Editor in 0.35 ms, found 2 plugins.
Preloading 0 native plugins for Editor in 0.00 ms.
Mono: successfully reloaded assembly
- Completed reload, in  1.023 seconds
Platform modules already initialized, skipping
Refreshing native plugins compatible for Editor in 0.36 ms, found 2 plugins.
Preloading 0 native plugins for Editor in 0.00 ms.
Unloading 1523 Unused Serialized files (Serialized files now loaded: 0)
System memory in use before: 94.5 MB.
System memory in use after: 92.3 MB.

Unloading 42 unused Assets to reduce memory usage. Loaded Objects now: 2093.
Total: 2.968900 ms (FindLiveObjects: 0.167300 ms CreateObjectMapping: 0.053800 ms MarkObjects: 1.718100 ms  DeleteObjects: 1.028900 ms)

========================================================================
Received Prepare
Registering precompiled user dll's ...
Registered in 0.005412 seconds.
Begin MonoManager ReloadAssembly
Native extension for WindowsStandalone target not found
Refreshing native plugins compatible for Editor in 0.47 ms, found 2 plugins.
Preloading 0 native plugins for Editor in 0.00 ms.
Mono: successfully reloaded assembly
- Completed reload, in  1.211 seconds
Platform modules already initialized, skipping
Refreshing native plugins compatible for Editor in 0.36 ms, found 2 plugins.
Preloading 0 native plugins for Editor in 0.00 ms.
Unloading 1523 Unused Serialized files (Serialized files now loaded: 0)
System memory in use before: 94.5 MB.
System memory in use after: 92.3 MB.

Unloading 42 unused Assets to reduce memory usage. Loaded Objects now: 2096.
Total: 3.418100 ms (FindLiveObjects: 0.159900 ms CreateObjectMapping: 0.048400 ms MarkObjects: 2.113400 ms  DeleteObjects: 1.095400 ms)

========================================================================
Received Prepare
Registering precompiled user dll's ...
Registered in 0.010309 seconds.
Begin MonoManager ReloadAssembly
Native extension for WindowsStandalone target not found
Refreshing native plugins compatible for Editor in 0.72 ms, found 2 plugins.
Preloading 0 native plugins for Editor in 0.00 ms.
Mono: successfully reloaded assembly
- Completed reload, in  1.119 seconds
Platform modules already initialized, skipping
Refreshing native plugins compatible for Editor in 0.40 ms, found 2 plugins.
Preloading 0 native plugins for Editor in 0.00 ms.
Unloading 1523 Unused Serialized files (Serialized files now loaded: 0)
System memory in use before: 94.5 MB.
System memory in use after: 92.3 MB.

Unloading 42 unused Assets to reduce memory usage. Loaded Objects now: 2099.
Total: 3.502800 ms (FindLiveObjects: 0.177900 ms CreateObjectMapping: 0.051600 ms MarkObjects: 2.059600 ms  DeleteObjects: 1.212100 ms)

========================================================================
Received Prepare
Registering precompiled user dll's ...
Registered in 0.005937 seconds.
Begin MonoManager ReloadAssembly
Native extension for WindowsStandalone target not found
Refreshing native plugins compatible for Editor in 0.69 ms, found 2 plugins.
Preloading 0 native plugins for Editor in 0.00 ms.
Mono: successfully reloaded assembly
- Completed reload, in  1.127 seconds
Platform modules already initialized, skipping
Refreshing native plugins compatible for Editor in 0.40 ms, found 2 plugins.
Preloading 0 native plugins for Editor in 0.00 ms.
Unloading 1523 Unused Serialized files (Serialized files now loaded: 0)
System memory in use before: 94.5 MB.
System memory in use after: 92.3 MB.

Unloading 42 unused Assets to reduce memory usage. Loaded Objects now: 2102.
Total: 3.453900 ms (FindLiveObjects: 0.173900 ms CreateObjectMapping: 0.054600 ms MarkObjects: 1.889800 ms  DeleteObjects: 1.334700 ms)

========================================================================
Received Prepare
Registering precompiled user dll's ...
Registered in 0.004757 seconds.
Begin MonoManager ReloadAssembly
Native extension for WindowsStandalone target not found
Refreshing native plugins compatible for Editor in 0.38 ms, found 2 plugins.
Preloading 0 native plugins for Editor in 0.00 ms.
Mono: successfully reloaded assembly
- Completed reload, in  1.113 seconds
Platform modules already initialized, skipping
Refreshing native plugins compatible for Editor in 0.47 ms, found 2 plugins.
Preloading 0 native plugins for Editor in 0.00 ms.
Unloading 1523 Unused Serialized files (Serialized files now loaded: 0)
System memory in use before: 94.5 MB.
System memory in use after: 92.3 MB.

Unloading 42 unused Assets to reduce memory usage. Loaded Objects now: 2105.
Total: 2.861000 ms (FindLiveObjects: 0.155300 ms CreateObjectMapping: 0.044600 ms MarkObjects: 1.791200 ms  DeleteObjects: 0.868900 ms)

========================================================================
Received Import Request.
  Time since last request: 6205.145022 seconds.
  path: ProjectSettings/TagManager.asset
  artifactKey: Guid(00000000000000003000000000000000) Importer(815301076,1909f56bfc062723c751e8b465ee728b)
Start importing ProjectSettings/TagManager.asset using Guid(00000000000000003000000000000000) Importer(815301076,1909f56bfc062723c751e8b465ee728b)  -> (artifact id: '6e118f97ea0f84a1f7cee0102e71d0d6') in 0.258387 seconds
  Import took 0.339020 seconds .

========================================================================
Received Prepare
Registering precompiled user dll's ...
Registered in 0.011520 seconds.
Begin MonoManager ReloadAssembly
Native extension for WindowsStandalone target not found
Refreshing native plugins compatible for Editor in 0.39 ms, found 2 plugins.
Preloading 0 native plugins for Editor in 0.00 ms.
Mono: successfully reloaded assembly
- Completed reload, in  1.256 seconds
Platform modules already initialized, skipping
Refreshing native plugins compatible for Editor in 0.37 ms, found 2 plugins.
Preloading 0 native plugins for Editor in 0.00 ms.
Unloading 1523 Unused Serialized files (Serialized files now loaded: 0)
System memory in use before: 94.6 MB.
System memory in use after: 92.3 MB.

Unloading 43 unused Assets to reduce memory usage. Loaded Objects now: 2108.
Total: 3.206200 ms (FindLiveObjects: 0.175500 ms CreateObjectMapping: 0.053400 ms MarkObjects: 2.039300 ms  DeleteObjects: 0.936900 ms)

========================================================================
Received Prepare
Registering precompiled user dll's ...
Registered in 0.010105 seconds.
Begin MonoManager ReloadAssembly
Native extension for WindowsStandalone target not found
Refreshing native plugins compatible for Editor in 0.35 ms, found 2 plugins.
Preloading 0 native plugins for Editor in 0.00 ms.
Mono: successfully reloaded assembly
- Completed reload, in  1.036 seconds
Platform modules already initialized, skipping
Refreshing native plugins compatible for Editor in 0.35 ms, found 2 plugins.
Preloading 0 native plugins for Editor in 0.00 ms.
Unloading 1523 Unused Serialized files (Serialized files now loaded: 0)
System memory in use before: 94.6 MB.
System memory in use after: 92.3 MB.

Unloading 42 unused Assets to reduce memory usage. Loaded Objects now: 2111.
Total: 3.324400 ms (FindLiveObjects: 0.160600 ms CreateObjectMapping: 0.048200 ms MarkObjects: 2.204900 ms  DeleteObjects: 0.910100 ms)

========================================================================
Received Prepare
Registering precompiled user dll's ...
Registered in 0.004667 seconds.
Begin MonoManager ReloadAssembly
Native extension for WindowsStandalone target not found
Refreshing native plugins compatible for Editor in 0.37 ms, found 2 plugins.
Preloading 0 native plugins for Editor in 0.00 ms.
Mono: successfully reloaded assembly
- Completed reload, in  1.017 seconds
Platform modules already initialized, skipping
Refreshing native plugins compatible for Editor in 0.36 ms, found 2 plugins.
Preloading 0 native plugins for Editor in 0.00 ms.
Unloading 1523 Unused Serialized files (Serialized files now loaded: 0)
System memory in use before: 94.6 MB.
System memory in use after: 92.3 MB.

Unloading 42 unused Assets to reduce memory usage. Loaded Objects now: 2114.
Total: 2.765300 ms (FindLiveObjects: 0.171200 ms CreateObjectMapping: 0.050900 ms MarkObjects: 1.641000 ms  DeleteObjects: 0.901400 ms)

AssetImportWorkerClient::OnTransportError - code=2 error=End of file
